#-----------------------------------------------------------
# PlanAhead v14.7
# Build 321239 by xbuild on Fri Sep 27 19:31:35 MDT 2013
# Start of session at: Thu Sep 15 00:20:41 2022
# Process ID: 1004
# Log file: D:/DigitalSystem/module/sevenSegment0-9/planAhead_run_2/planAhead.log
# Journal file: D:/DigitalSystem/module/sevenSegment0-9/planAhead_run_2/planAhead.jou
#-----------------------------------------------------------
INFO: [Common 17-78] Attempting to get a license: PlanAhead
INFO: [Common 17-290] Got license for PlanAhead
INFO: [Device 21-36] Loading parts and site information from C:/Xilinx/14.7/ISE_DS/PlanAhead/data/parts/arch.xml
Parsing RTL primitives file [C:/Xilinx/14.7/ISE_DS/PlanAhead/data/parts/xilinx/rtl/prims/rtl_prims.xml]
Finished parsing RTL primitives file [C:/Xilinx/14.7/ISE_DS/PlanAhead/data/parts/xilinx/rtl/prims/rtl_prims.xml]
start_gui
source D:/DigitalSystem/module/sevenSegment0-9/pa.fromHdl.tcl
# create_project -name sevenSegment0-9 -dir "D:/DigitalSystem/module/sevenSegment0-9/planAhead_run_2" -part xc6slx9tqg144-3
# set_param project.pinAheadLayout yes
# set srcset [get_property srcset [current_run -impl]]
# set_property target_constrs_file "sevensegmen4bit.ucf" [current_fileset -constrset]
Adding file 'D:/DigitalSystem/module/sevenSegment0-9/sevensegmen4bit.ucf' to fileset 'constrs_1'
# set hdlfile [add_files [list {sevensegmen4bit.vf}]]
# set_property file_type Verilog $hdlfile
# set_property library work $hdlfile
# set_property top sevensegmen4bit $srcset
# add_files [list {sevensegmen4bit.ucf}] -fileset [get_property constrset [current_run]]
# open_rtl_design -part xc6slx9tqg144-3
Using Verific elaboration
Parsing VHDL file "C:/Xilinx/14.7/ISE_DS/PlanAhead/data/parts/xilinx/rtl/lib/synplify/synattr.vhd" into library synplify
Analyzing Verilog file "D:/DigitalSystem/module/sevenSegment0-9/sevensegmen4bit.vf" into library work
Loading clock regions from C:/Xilinx/14.7/ISE_DS/PlanAhead/data\parts/xilinx/spartan6/spartan6lx/xc6slx9/ClockRegion.xml
Loading clock buffers from C:/Xilinx/14.7/ISE_DS/PlanAhead/data\parts/xilinx/spartan6/spartan6lx/xc6slx9/ClockBuffers.xml
Loading package pin functions from C:/Xilinx/14.7/ISE_DS/PlanAhead/data\parts/xilinx/spartan6/PinFunctions.xml...
Loading package from C:/Xilinx/14.7/ISE_DS/PlanAhead/data\parts/xilinx/spartan6/spartan6lx/xc6slx9/tqg144/Package.xml
Loading io standards from C:/Xilinx/14.7/ISE_DS/PlanAhead/data\./parts/xilinx/spartan6/IOStandards.xml
Loading device configuration modes from C:/Xilinx/14.7/ISE_DS/PlanAhead/data\parts/xilinx/spartan6/ConfigModes.xml
Loading list of drcs for the architecture : C:/Xilinx/14.7/ISE_DS/PlanAhead/data\./parts/xilinx/spartan6/drc.xml
Parsing UCF File [D:/DigitalSystem/module/sevenSegment0-9/sevensegmen4bit.ucf]
Finished Parsing UCF File [D:/DigitalSystem/module/sevenSegment0-9/sevensegmen4bit.ucf]
INFO: [Project 1-111] Unisim Transformation Summary:
No Unisim elements were transformed.

Phase 0 | Netlist Checksum: b422ce42
open_rtl_design: Time (s): elapsed = 00:00:11 . Memory (MB): peak = 570.094 ; gain = 128.512
update_compile_order -fileset sim_1
startgroup
set_property package_pin P41 [get_ports a_P41]
endgroup
startgroup
set_property package_pin P66 [get_ports A_P66]
endgroup
startgroup
set_property package_pin P40 [get_ports b_P40]
endgroup
startgroup
set_property package_pin P62 [get_ports B_P62]
endgroup
startgroup
set_property package_pin P35 [get_ports c_P35]
endgroup
exit
ERROR: [PlanAhead 12-106] *** Exception: ui.h.b: Found deleted key in HTclEventBroker. Verify if the classes listed here call cleanup()
HTclEvent: SIGNAL_MODIFY   Classes: ui.views.aR 
HTclEvent: DEBUG_CORE_CONFIG_CHANGE   Classes: ui.views.aR 
HTclEvent: SIGNAL_BUS_MODIFY   Classes: ui.views.aR 
HTclEvent: DEBUG_PORT_CONFIG_CHANGE   Classes: ui.views.aR 
 (See D:/DigitalSystem/module/sevenSegment0-9\planAhead_pid1004.debug)
ERROR: [Common 17-39] 'stop_gui' failed due to earlier errors.
INFO: [Common 17-206] Exiting PlanAhead at Thu Sep 15 00:21:54 2022...
INFO: [Common 17-83] Releasing license: PlanAhead
