Release 14.7 - xst P.20131013 (nt64)
Copyright (c) 1995-2013 Xilinx, Inc.  All rights reserved.
--> Parameter TMPDIR set to xst/projnav.tmp


Total REAL time to Xst completion: 0.00 secs
Total CPU time to Xst completion: 0.19 secs
 
--> Parameter xsthdpdir set to xst


Total REAL time to Xst completion: 0.00 secs
Total CPU time to Xst completion: 0.19 secs
 
--> Reading design: Lab9.prj

TABLE OF CONTENTS
  1) Synthesis Options Summary
  2) HDL Parsing
  3) HDL Elaboration
  4) HDL Synthesis
       4.1) HDL Synthesis Report
  5) Advanced HDL Synthesis
       5.1) Advanced HDL Synthesis Report
  6) Low Level Synthesis
  7) Partition Report
  8) Design Summary
       8.1) Primitive and Black Box Usage
       8.2) Device utilization summary
       8.3) Partition Resource Summary
       8.4) Timing Report
            8.4.1) Clock Information
            8.4.2) Asynchronous Control Signals Information
            8.4.3) Timing Summary
            8.4.4) Timing Details
            8.4.5) Cross Clock Domains Report


=========================================================================
*                      Synthesis Options Summary                        *
=========================================================================
---- Source Parameters
Input File Name                    : "Lab9.prj"
Ignore Synthesis Constraint File   : NO

---- Target Parameters
Output File Name                   : "Lab9"
Output Format                      : NGC
Target Device                      : xc6slx9-3-tqg144

---- Source Options
Top Module Name                    : Lab9
Automatic FSM Extraction           : YES
FSM Encoding Algorithm             : Auto
Safe Implementation                : No
FSM Style                          : LUT
RAM Extraction                     : Yes
RAM Style                          : Auto
ROM Extraction                     : Yes
Shift Register Extraction          : YES
ROM Style                          : Auto
Resource Sharing                   : YES
Asynchronous To Synchronous        : NO
Shift Register Minimum Size        : 2
Use DSP Block                      : Auto
Automatic Register Balancing       : No

---- Target Options
LUT Combining                      : Auto
Reduce Control Sets                : Auto
Add IO Buffers                     : YES
Global Maximum Fanout              : 100000
Add Generic Clock Buffer(BUFG)     : 16
Register Duplication               : YES
Optimize Instantiated Primitives   : NO
Use Clock Enable                   : Auto
Use Synchronous Set                : Auto
Use Synchronous Reset              : Auto
Pack IO Registers into IOBs        : Auto
Equivalent register Removal        : YES

---- General Options
Optimization Goal                  : Speed
Optimization Effort                : 1
Power Reduction                    : NO
Keep Hierarchy                     : No
Netlist Hierarchy                  : As_Optimized
RTL Output                         : Yes
Global Optimization                : AllClockNets
Read Cores                         : YES
Write Timing Constraints           : NO
Cross Clock Analysis               : NO
Hierarchy Separator                : /
Bus Delimiter                      : <>
Case Specifier                     : Maintain
Slice Utilization Ratio            : 100
BRAM Utilization Ratio             : 100
DSP48 Utilization Ratio            : 100
Auto BRAM Packing                  : NO
Slice Utilization Ratio Delta      : 5

=========================================================================


=========================================================================
*                          HDL Parsing                                  *
=========================================================================
Analyzing Verilog file "D:\DigitalSystem\Lab\Lab9\mode10.vf" into library work
Parsing module <FJKC_HXILINX_mode10>.
Parsing module <mode10>.
Analyzing Verilog file "D:\DigitalSystem\Lab\Lab9\BCHextoSegment.vf" into library work
Parsing module <OR6_HXILINX_BCHextoSegment>.
Parsing module <BCHextoSegment>.
Analyzing Verilog file "D:\DigitalSystem\Lab\Lab9\MUX8_4.vf" into library work
Parsing module <M2_1_HXILINX_MUX8_4>.
Parsing module <MUX8_4>.
Analyzing Verilog file "D:\DigitalSystem\Lab\Lab9\Decoder1_2.vf" into library work
Parsing module <D2_4E_HXILINX_Decoder1_2>.
Parsing module <Decoder1_2>.
Analyzing Verilog file "D:\DigitalSystem\Lab\Lab9\div100k.vf" into library work
Parsing module <div100k>.
Analyzing Verilog file "D:\DigitalSystem\Lab\Lab9\XOR8bits.vf" into library work
Parsing module <XOR8bits>.
Analyzing Verilog file "D:\DigitalSystem\Lab\Lab9\subtract8bits.vf" into library work
Parsing module <ADSU8_HXILINX_subtract8bits>.
Parsing module <subtract8bits>.
Analyzing Verilog file "D:\DigitalSystem\Lab\Lab9\SHL8bits.vf" into library work
Parsing module <SHL8bits>.
Analyzing Verilog file "D:\DigitalSystem\Lab\Lab9\MUX32_8.vf" into library work
Parsing module <M4_1E_HXILINX_MUX32_8>.
Parsing module <MUX32_8>.
Analyzing Verilog file "D:\DigitalSystem\Lab\Lab9\Display.vf" into library work
Parsing module <FJKC_HXILINX_Display>.
Parsing module <D2_4E_HXILINX_Display>.
Parsing module <M2_1_HXILINX_Display>.
Parsing module <Decoder1_2_MUSER_Display>.
Parsing module <MUX8_4_MUSER_Display>.
Parsing module <Display>.
Analyzing Verilog file "D:\DigitalSystem\Lab\Lab9\Add8bits.vf" into library work
Parsing module <ADSU8_HXILINX_Add8bits>.
Parsing module <Add8bits>.
Analyzing Verilog file "D:\DigitalSystem\Lab\Lab9\Counter0_3.vf" into library work
Parsing module <CB4CE_HXILINX_Counter0_3>.
Parsing module <D2_4E_HXILINX_Counter0_3>.
Parsing module <Counter0_3>.
Analyzing Verilog file "D:\DigitalSystem\Lab\Lab9\Lab9.vf" into library work
Parsing module <ADSU8_HXILINX_Lab9>.
Parsing module <M4_1E_HXILINX_Lab9>.
Parsing module <FJKC_HXILINX_Lab9>.
Parsing module <D2_4E_HXILINX_Lab9>.
Parsing module <M2_1_HXILINX_Lab9>.
Parsing module <Decoder1_2_MUSER_Lab9>.
Parsing module <MUX8_4_MUSER_Lab9>.
Parsing module <Display_MUSER_Lab9>.
Parsing module <MUX32_8_MUSER_Lab9>.
Parsing module <SHL8bits_MUSER_Lab9>.
Parsing module <XOR8bits_MUSER_Lab9>.
Parsing module <subtract8bits_MUSER_Lab9>.
Parsing module <Add8bits_MUSER_Lab9>.
Parsing module <Lab9>.

=========================================================================
*                            HDL Elaboration                            *
=========================================================================

Elaborating module <Lab9>.

Elaborating module <Add8bits_MUSER_Lab9>.

Elaborating module <ADSU8_HXILINX_Lab9>.

Elaborating module <GND>.

Elaborating module <VCC>.

Elaborating module <subtract8bits_MUSER_Lab9>.

Elaborating module <XOR8bits_MUSER_Lab9>.

Elaborating module <XOR2>.

Elaborating module <SHL8bits_MUSER_Lab9>.

Elaborating module <BUF>.

Elaborating module <MUX32_8_MUSER_Lab9>.

Elaborating module <M4_1E_HXILINX_Lab9>.

Elaborating module <Display_MUSER_Lab9>.

Elaborating module <MUX8_4_MUSER_Lab9>.

Elaborating module <M2_1_HXILINX_Lab9>.

Elaborating module <BCHextoSegment>.

Elaborating module <AND2>.

Elaborating module <INV>.

Elaborating module <AND3>.

Elaborating module <OR6_HXILINX_BCHextoSegment>.

Elaborating module <OR5>.

Elaborating module <OR4>.

Elaborating module <Decoder1_2_MUSER_Lab9>.

Elaborating module <D2_4E_HXILINX_Lab9>.

Elaborating module <FJKC_HXILINX_Lab9>.

Elaborating module <div100k>.

Elaborating module <mode10>.

Elaborating module <FJKC_HXILINX_mode10>.

Elaborating module <AND4B2>.

Elaborating module <OR2>.

Elaborating module <Counter0_3>.

Elaborating module <CB4CE_HXILINX_Counter0_3>.
WARNING:HDLCompiler:413 - "D:\DigitalSystem\Lab\Lab9\Counter0_3.vf" Line 48: Result of 5-bit expression is truncated to fit in 4-bit target.

Elaborating module <AND3B1>.

Elaborating module <D2_4E_HXILINX_Counter0_3>.

=========================================================================
*                           HDL Synthesis                               *
=========================================================================

Synthesizing Unit <Lab9>.
    Related source file is "D:\DigitalSystem\Lab\Lab9\Lab9.vf".
    Summary:
	no macro.
Unit <Lab9> synthesized.

Synthesizing Unit <Add8bits_MUSER_Lab9>.
    Related source file is "D:\DigitalSystem\Lab\Lab9\Lab9.vf".
    Set property "HU_SET = XLXI_1_27" for instance <XLXI_1>.
INFO:Xst:3210 - "D:\DigitalSystem\Lab\Lab9\Lab9.vf" line 501: Output port <CO> of the instance <XLXI_1> is unconnected or connected to loadless signal.
INFO:Xst:3210 - "D:\DigitalSystem\Lab\Lab9\Lab9.vf" line 501: Output port <OFL> of the instance <XLXI_1> is unconnected or connected to loadless signal.
    Summary:
	no macro.
Unit <Add8bits_MUSER_Lab9> synthesized.

Synthesizing Unit <ADSU8_HXILINX_Lab9>.
    Related source file is "D:\DigitalSystem\Lab\Lab9\Lab9.vf".
    Found 9-bit subtractor for signal <GND_3_o_GND_3_o_sub_3_OUT> created at line 42.
    Found 9-bit subtractor for signal <GND_3_o_GND_3_o_sub_4_OUT> created at line 42.
    Found 9-bit adder for signal <n0039> created at line 40.
    Found 9-bit adder for signal <BUS_0001_GND_3_o_add_1_OUT> created at line 40.
    Summary:
	inferred   2 Adder/Subtractor(s).
	inferred   4 Multiplexer(s).
Unit <ADSU8_HXILINX_Lab9> synthesized.

Synthesizing Unit <subtract8bits_MUSER_Lab9>.
    Related source file is "D:\DigitalSystem\Lab\Lab9\Lab9.vf".
    Set property "HU_SET = XLXI_1_26" for instance <XLXI_1>.
INFO:Xst:3210 - "D:\DigitalSystem\Lab\Lab9\Lab9.vf" line 477: Output port <CO> of the instance <XLXI_1> is unconnected or connected to loadless signal.
INFO:Xst:3210 - "D:\DigitalSystem\Lab\Lab9\Lab9.vf" line 477: Output port <OFL> of the instance <XLXI_1> is unconnected or connected to loadless signal.
    Summary:
	no macro.
Unit <subtract8bits_MUSER_Lab9> synthesized.

Synthesizing Unit <XOR8bits_MUSER_Lab9>.
    Related source file is "D:\DigitalSystem\Lab\Lab9\Lab9.vf".
    Summary:
	no macro.
Unit <XOR8bits_MUSER_Lab9> synthesized.

Synthesizing Unit <SHL8bits_MUSER_Lab9>.
    Related source file is "D:\DigitalSystem\Lab\Lab9\Lab9.vf".
WARNING:Xst:647 - Input <A<7:7>> is never used. This port will be preserved and left unconnected if it belongs to a top-level block or it belongs to a sub-block and the hierarchy of this sub-block is preserved.
    Summary:
	no macro.
Unit <SHL8bits_MUSER_Lab9> synthesized.

Synthesizing Unit <MUX32_8_MUSER_Lab9>.
    Related source file is "D:\DigitalSystem\Lab\Lab9\Lab9.vf".
    Set property "HU_SET = XLXI_9_18" for instance <XLXI_9>.
    Set property "HU_SET = XLXI_10_19" for instance <XLXI_10>.
    Set property "HU_SET = XLXI_11_20" for instance <XLXI_11>.
    Set property "HU_SET = XLXI_12_21" for instance <XLXI_12>.
    Set property "HU_SET = XLXI_13_22" for instance <XLXI_13>.
    Set property "HU_SET = XLXI_14_23" for instance <XLXI_14>.
    Set property "HU_SET = XLXI_15_24" for instance <XLXI_15>.
    Set property "HU_SET = XLXI_16_25" for instance <XLXI_16>.
    Summary:
	no macro.
Unit <MUX32_8_MUSER_Lab9> synthesized.

Synthesizing Unit <M4_1E_HXILINX_Lab9>.
    Related source file is "D:\DigitalSystem\Lab\Lab9\Lab9.vf".
    Found 1-bit 4-to-1 multiplexer for signal <S1_D3_Mux_0_o> created at line 73.
    Summary:
	inferred   2 Multiplexer(s).
Unit <M4_1E_HXILINX_Lab9> synthesized.

Synthesizing Unit <Display_MUSER_Lab9>.
    Related source file is "D:\DigitalSystem\Lab\Lab9\Lab9.vf".
    Set property "HU_SET = XLXI_7_17" for instance <XLXI_7>.
    Summary:
	no macro.
Unit <Display_MUSER_Lab9> synthesized.

Synthesizing Unit <MUX8_4_MUSER_Lab9>.
    Related source file is "D:\DigitalSystem\Lab\Lab9\Lab9.vf".
    Set property "HU_SET = XLXI_1_13" for instance <XLXI_1>.
    Set property "HU_SET = XLXI_2_14" for instance <XLXI_2>.
    Set property "HU_SET = XLXI_3_15" for instance <XLXI_3>.
    Set property "HU_SET = XLXI_4_16" for instance <XLXI_4>.
    Summary:
	no macro.
Unit <MUX8_4_MUSER_Lab9> synthesized.

Synthesizing Unit <M2_1_HXILINX_Lab9>.
    Related source file is "D:\DigitalSystem\Lab\Lab9\Lab9.vf".
    Summary:
	inferred   1 Multiplexer(s).
Unit <M2_1_HXILINX_Lab9> synthesized.

Synthesizing Unit <BCHextoSegment>.
    Related source file is "D:\DigitalSystem\Lab\Lab9\BCHextoSegment.vf".
    Set property "HU_SET = XLXI_99_38" for instance <XLXI_99>.
    Summary:
	no macro.
Unit <BCHextoSegment> synthesized.

Synthesizing Unit <OR6_HXILINX_BCHextoSegment>.
    Related source file is "D:\DigitalSystem\Lab\Lab9\BCHextoSegment.vf".
    Summary:
	no macro.
Unit <OR6_HXILINX_BCHextoSegment> synthesized.

Synthesizing Unit <Decoder1_2_MUSER_Lab9>.
    Related source file is "D:\DigitalSystem\Lab\Lab9\Lab9.vf".
    Set property "HU_SET = XLXI_3_12" for instance <XLXI_3>.
INFO:Xst:3210 - "D:\DigitalSystem\Lab\Lab9\Lab9.vf" line 189: Output port <D2> of the instance <XLXI_3> is unconnected or connected to loadless signal.
INFO:Xst:3210 - "D:\DigitalSystem\Lab\Lab9\Lab9.vf" line 189: Output port <D3> of the instance <XLXI_3> is unconnected or connected to loadless signal.
    Summary:
	no macro.
Unit <Decoder1_2_MUSER_Lab9> synthesized.

Synthesizing Unit <D2_4E_HXILINX_Lab9>.
    Related source file is "D:\DigitalSystem\Lab\Lab9\Lab9.vf".
    Summary:
	inferred   4 Multiplexer(s).
Unit <D2_4E_HXILINX_Lab9> synthesized.

Synthesizing Unit <FJKC_HXILINX_Lab9>.
    Related source file is "D:\DigitalSystem\Lab\Lab9\Lab9.vf".
        INIT = 1'b0
    Found 1-bit register for signal <Q>.
    Summary:
	inferred   1 D-type flip-flop(s).
	inferred   2 Multiplexer(s).
Unit <FJKC_HXILINX_Lab9> synthesized.

Synthesizing Unit <div100k>.
    Related source file is "D:\DigitalSystem\Lab\Lab9\div100k.vf".
    Summary:
	no macro.
Unit <div100k> synthesized.

Synthesizing Unit <mode10>.
    Related source file is "D:\DigitalSystem\Lab\Lab9\mode10.vf".
    Set property "HU_SET = XLXI_2_43" for instance <XLXI_2>.
    Set property "HU_SET = XLXI_3_40" for instance <XLXI_3>.
    Set property "HU_SET = XLXI_4_41" for instance <XLXI_4>.
    Set property "HU_SET = XLXI_5_42" for instance <XLXI_5>.
    Summary:
	no macro.
Unit <mode10> synthesized.

Synthesizing Unit <FJKC_HXILINX_mode10>.
    Related source file is "D:\DigitalSystem\Lab\Lab9\mode10.vf".
        INIT = 1'b0
    Found 1-bit register for signal <Q>.
    Summary:
	inferred   1 D-type flip-flop(s).
	inferred   2 Multiplexer(s).
Unit <FJKC_HXILINX_mode10> synthesized.

Synthesizing Unit <Counter0_3>.
    Related source file is "D:\DigitalSystem\Lab\Lab9\Counter0_3.vf".
    Set property "HU_SET = XLXI_14_0" for instance <XLXI_14>.
    Set property "HU_SET = XLXI_16_1" for instance <XLXI_16>.
INFO:Xst:3210 - "D:\DigitalSystem\Lab\Lab9\Counter0_3.vf" line 115: Output port <CEO> of the instance <XLXI_14> is unconnected or connected to loadless signal.
INFO:Xst:3210 - "D:\DigitalSystem\Lab\Lab9\Counter0_3.vf" line 115: Output port <Q3> of the instance <XLXI_14> is unconnected or connected to loadless signal.
INFO:Xst:3210 - "D:\DigitalSystem\Lab\Lab9\Counter0_3.vf" line 115: Output port <TC> of the instance <XLXI_14> is unconnected or connected to loadless signal.
    Summary:
	no macro.
Unit <Counter0_3> synthesized.

Synthesizing Unit <CB4CE_HXILINX_Counter0_3>.
    Related source file is "D:\DigitalSystem\Lab\Lab9\Counter0_3.vf".
    Found 1-bit register for signal <Q1>.
    Found 1-bit register for signal <Q2>.
    Found 1-bit register for signal <Q3>.
    Found 1-bit register for signal <Q0>.
    Found 4-bit adder for signal <Q3_GND_32_o_add_0_OUT> created at line 48.
    Summary:
	inferred   1 Adder/Subtractor(s).
	inferred   4 D-type flip-flop(s).
Unit <CB4CE_HXILINX_Counter0_3> synthesized.

Synthesizing Unit <D2_4E_HXILINX_Counter0_3>.
    Related source file is "D:\DigitalSystem\Lab\Lab9\Counter0_3.vf".
    Summary:
	inferred   4 Multiplexer(s).
Unit <D2_4E_HXILINX_Counter0_3> synthesized.

=========================================================================
HDL Synthesis Report

Macro Statistics
# Adders/Subtractors                                   : 5
 4-bit adder                                           : 1
 9-bit addsub                                          : 4
# Registers                                            : 25
 1-bit register                                        : 25
# Multiplexers                                         : 78
 1-bit 2-to-1 multiplexer                              : 66
 1-bit 4-to-1 multiplexer                              : 8
 9-bit 2-to-1 multiplexer                              : 4

=========================================================================
INFO:Xst:1767 - HDL ADVISOR - Resource sharing has identified that some arithmetic operations in this design can share the same physical resources for reduced device utilization. For improved clock frequency you may try to disable resource sharing.

=========================================================================
*                       Advanced HDL Synthesis                          *
=========================================================================


=========================================================================
Advanced HDL Synthesis Report

Macro Statistics
# Adders/Subtractors                                   : 5
 4-bit adder                                           : 1
 9-bit addsub                                          : 4
# Registers                                            : 25
 Flip-Flops                                            : 25
# Multiplexers                                         : 74
 1-bit 2-to-1 multiplexer                              : 62
 1-bit 4-to-1 multiplexer                              : 8
 9-bit 2-to-1 multiplexer                              : 4

=========================================================================

=========================================================================
*                         Low Level Synthesis                           *
=========================================================================

Optimizing unit <mode10> ...

Optimizing unit <MUX32_8_MUSER_Lab9> ...

Optimizing unit <BCHextoSegment> ...

Optimizing unit <XLXI_13/XLXI_1/XLXI_4> ...

Optimizing unit <XLXI_13/XLXI_1/XLXI_3> ...

Optimizing unit <XLXI_13/XLXI_1/XLXI_2> ...

Optimizing unit <XLXI_13/XLXI_1/XLXI_1> ...

Optimizing unit <Lab9> ...

Optimizing unit <ADSU8_HXILINX_Lab9> ...

Optimizing unit <FJKC_HXILINX_mode10> ...

Optimizing unit <M4_1E_HXILINX_Lab9> ...

Optimizing unit <FJKC_HXILINX_Lab9> ...

Optimizing unit <D2_4E_HXILINX_Lab9> ...

Optimizing unit <OR6_HXILINX_BCHextoSegment> ...

Optimizing unit <CB4CE_HXILINX_Counter0_3> ...

Optimizing unit <D2_4E_HXILINX_Counter0_3> ...
WARNING:Xst:2677 - Node <Q3> of sequential type is unconnected in block <XLXI_15/XLXI_14>.

Mapping all equations...
Building and optimizing final netlist ...
Found area constraint ratio of 100 (+ 5) on block Lab9, actual ratio is 0.

Final Macro Processing ...

=========================================================================
Final Register Report

Macro Statistics
# Registers                                            : 24
 Flip-Flops                                            : 24

=========================================================================

=========================================================================
*                           Partition Report                            *
=========================================================================

Partition Implementation Status
-------------------------------

  No Partitions were found in this design.

-------------------------------

=========================================================================
*                            Design Summary                             *
=========================================================================

Top Level Output File Name         : Lab9.ngc

Primitive and Black Box Usage:
------------------------------
# BELS                             : 263
#      AND2                        : 30
#      AND3                        : 16
#      AND3B1                      : 1
#      AND4B2                      : 5
#      BUF                         : 7
#      GND                         : 2
#      INV                         : 59
#      LUT1                        : 7
#      LUT2                        : 10
#      LUT3                        : 36
#      LUT5                        : 1
#      LUT6                        : 8
#      MUXCY                       : 28
#      OR2                         : 5
#      OR4                         : 1
#      OR5                         : 5
#      VCC                         : 2
#      XOR2                        : 8
#      XORCY                       : 32
# FlipFlops/Latches                : 24
#      FDC                         : 16
#      FDCE                        : 8
# Clock Buffers                    : 1
#      BUFGP                       : 1
# IO Buffers                       : 32
#      IBUF                        : 17
#      OBUF                        : 15

Device utilization summary:
---------------------------

Selected Device : 6slx9tqg144-3 


Slice Logic Utilization: 
 Number of Slice Registers:              24  out of  11440     0%  
 Number of Slice LUTs:                  121  out of   5720     2%  
    Number used as Logic:               121  out of   5720     2%  

Slice Logic Distribution: 
 Number of LUT Flip Flop pairs used:    145
   Number with an unused Flip Flop:     121  out of    145    83%  
   Number with an unused LUT:            24  out of    145    16%  
   Number of fully used LUT-FF pairs:     0  out of    145     0%  
   Number of unique control sets:        22

IO Utilization: 
 Number of IOs:                          33
 Number of bonded IOBs:                  33  out of    102    32%  

Specific Feature Utilization:
 Number of BUFG/BUFGCTRLs:                1  out of     16     6%  

---------------------------
Partition Resource Summary:
---------------------------

  No Partitions were found in this design.

---------------------------


=========================================================================
Timing Report

NOTE: THESE TIMING NUMBERS ARE ONLY A SYNTHESIS ESTIMATE.
      FOR ACCURATE TIMING INFORMATION PLEASE REFER TO THE TRACE REPORT
      GENERATED AFTER PLACE-and-ROUTE.

Clock Information:
------------------
----------------------------------------+---------------------------------+-------+
Clock Signal                            | Clock buffer(FF name)           | Load  |
----------------------------------------+---------------------------------+-------+
CLK                                     | BUFGP                           | 4     |
XLXI_14/XLXN_1(XLXI_14/XLXI_1/XLXI_13:O)| NONE(*)(XLXI_14/XLXI_2/XLXI_5/Q)| 4     |
XLXI_14/XLXN_2(XLXI_14/XLXI_2/XLXI_13:O)| NONE(*)(XLXI_14/XLXI_3/XLXI_5/Q)| 4     |
XLXI_14/XLXN_3(XLXI_14/XLXI_3/XLXI_13:O)| NONE(*)(XLXI_14/XLXI_4/XLXI_5/Q)| 4     |
XLXI_14/XLXN_4(XLXI_14/XLXI_4/XLXI_13:O)| NONE(*)(XLXI_14/XLXI_5/XLXI_5/Q)| 4     |
XLXN_20(XLXI_14/XLXI_5/XLXI_13:O)       | NONE(*)(XLXI_13/XLXI_7/Q)       | 1     |
XLXN_40(XLXI_18:O)                      | NONE(*)(XLXI_15/XLXI_14/Q2)     | 3     |
----------------------------------------+---------------------------------+-------+
(*) These 6 clock signal(s) are generated by combinatorial logic,
and XST is not able to identify which are the primary clock signals.
Please use the CLOCK_SIGNAL constraint to specify the clock signal(s) generated by combinatorial logic.
INFO:Xst:2169 - HDL ADVISOR - Some clock signals were not automatically buffered by XST with BUFG/BUFR resources. Please use the buffer_type constraint in order to insert these buffers to the clock signals to help prevent skew problems.

Asynchronous Control Signals Information:
----------------------------------------
No asynchronous control signals found in this design

Timing Summary:
---------------
Speed Grade: -3

   Minimum period: 4.195ns (Maximum Frequency: 238.382MHz)
   Minimum input arrival time before clock: No path found
   Maximum output required time after clock: 10.050ns
   Maximum combinational path delay: 12.891ns

Timing Details:
---------------
All values displayed in nanoseconds (ns)

=========================================================================
Timing constraint: Default period analysis for Clock 'CLK'
  Clock period: 4.195ns (frequency: 238.382MHz)
  Total number of paths / destination ports: 34 / 9
-------------------------------------------------------------------------
Delay:               4.195ns (Levels of Logic = 3)
  Source:            XLXI_14/XLXI_1/XLXI_2/Q (FF)
  Destination:       XLXI_14/XLXI_1/XLXI_5/Q (FF)
  Source Clock:      CLK rising
  Destination Clock: CLK rising

  Data Path: XLXI_14/XLXI_1/XLXI_2/Q to XLXI_14/XLXI_1/XLXI_5/Q
                                Gate     Net
    Cell:in->out      fanout   Delay   Delay  Logical Name (Net Name)
    ----------------------------------------  ------------
     FDC:C->Q              8   0.447   1.167  Q (Q)
     end scope: 'XLXI_14/XLXI_1/XLXI_2:Q'
     AND4B2:I0->O          1   0.203   0.924  XLXI_14/XLXI_1/XLXI_12 (XLXI_14/XLXI_1/XLXN_30)
     OR2:I1->O             8   0.223   0.802  XLXI_14/XLXI_1/XLXI_13 (XLXI_14/XLXN_1)
     begin scope: 'XLXI_14/XLXI_1/XLXI_5:CLR'
     FDC:CLR                   0.430          Q
    ----------------------------------------
    Total                      4.195ns (1.303ns logic, 2.892ns route)
                                       (31.1% logic, 68.9% route)

=========================================================================
Timing constraint: Default period analysis for Clock 'XLXI_14/XLXN_1'
  Clock period: 4.195ns (frequency: 238.382MHz)
  Total number of paths / destination ports: 34 / 9
-------------------------------------------------------------------------
Delay:               4.195ns (Levels of Logic = 3)
  Source:            XLXI_14/XLXI_2/XLXI_2/Q (FF)
  Destination:       XLXI_14/XLXI_2/XLXI_5/Q (FF)
  Source Clock:      XLXI_14/XLXN_1 rising
  Destination Clock: XLXI_14/XLXN_1 rising

  Data Path: XLXI_14/XLXI_2/XLXI_2/Q to XLXI_14/XLXI_2/XLXI_5/Q
                                Gate     Net
    Cell:in->out      fanout   Delay   Delay  Logical Name (Net Name)
    ----------------------------------------  ------------
     FDC:C->Q              8   0.447   1.167  Q (Q)
     end scope: 'XLXI_14/XLXI_2/XLXI_2:Q'
     AND4B2:I0->O          1   0.203   0.924  XLXI_14/XLXI_2/XLXI_12 (XLXI_14/XLXI_2/XLXN_30)
     OR2:I1->O             8   0.223   0.802  XLXI_14/XLXI_2/XLXI_13 (XLXI_14/XLXN_2)
     begin scope: 'XLXI_14/XLXI_2/XLXI_5:CLR'
     FDC:CLR                   0.430          Q
    ----------------------------------------
    Total                      4.195ns (1.303ns logic, 2.892ns route)
                                       (31.1% logic, 68.9% route)

=========================================================================
Timing constraint: Default period analysis for Clock 'XLXI_14/XLXN_2'
  Clock period: 4.195ns (frequency: 238.382MHz)
  Total number of paths / destination ports: 34 / 9
-------------------------------------------------------------------------
Delay:               4.195ns (Levels of Logic = 3)
  Source:            XLXI_14/XLXI_3/XLXI_2/Q (FF)
  Destination:       XLXI_14/XLXI_3/XLXI_5/Q (FF)
  Source Clock:      XLXI_14/XLXN_2 rising
  Destination Clock: XLXI_14/XLXN_2 rising

  Data Path: XLXI_14/XLXI_3/XLXI_2/Q to XLXI_14/XLXI_3/XLXI_5/Q
                                Gate     Net
    Cell:in->out      fanout   Delay   Delay  Logical Name (Net Name)
    ----------------------------------------  ------------
     FDC:C->Q              8   0.447   1.167  Q (Q)
     end scope: 'XLXI_14/XLXI_3/XLXI_2:Q'
     AND4B2:I0->O          1   0.203   0.924  XLXI_14/XLXI_3/XLXI_12 (XLXI_14/XLXI_3/XLXN_30)
     OR2:I1->O             8   0.223   0.802  XLXI_14/XLXI_3/XLXI_13 (XLXI_14/XLXN_3)
     begin scope: 'XLXI_14/XLXI_3/XLXI_5:CLR'
     FDC:CLR                   0.430          Q
    ----------------------------------------
    Total                      4.195ns (1.303ns logic, 2.892ns route)
                                       (31.1% logic, 68.9% route)

=========================================================================
Timing constraint: Default period analysis for Clock 'XLXI_14/XLXN_3'
  Clock period: 4.195ns (frequency: 238.382MHz)
  Total number of paths / destination ports: 34 / 9
-------------------------------------------------------------------------
Delay:               4.195ns (Levels of Logic = 3)
  Source:            XLXI_14/XLXI_4/XLXI_2/Q (FF)
  Destination:       XLXI_14/XLXI_4/XLXI_5/Q (FF)
  Source Clock:      XLXI_14/XLXN_3 rising
  Destination Clock: XLXI_14/XLXN_3 rising

  Data Path: XLXI_14/XLXI_4/XLXI_2/Q to XLXI_14/XLXI_4/XLXI_5/Q
                                Gate     Net
    Cell:in->out      fanout   Delay   Delay  Logical Name (Net Name)
    ----------------------------------------  ------------
     FDC:C->Q              8   0.447   1.167  Q (Q)
     end scope: 'XLXI_14/XLXI_4/XLXI_2:Q'
     AND4B2:I0->O          1   0.203   0.924  XLXI_14/XLXI_4/XLXI_12 (XLXI_14/XLXI_4/XLXN_30)
     OR2:I1->O             8   0.223   0.802  XLXI_14/XLXI_4/XLXI_13 (XLXI_14/XLXN_4)
     begin scope: 'XLXI_14/XLXI_4/XLXI_5:CLR'
     FDC:CLR                   0.430          Q
    ----------------------------------------
    Total                      4.195ns (1.303ns logic, 2.892ns route)
                                       (31.1% logic, 68.9% route)

=========================================================================
Timing constraint: Default period analysis for Clock 'XLXI_14/XLXN_4'
  Clock period: 4.107ns (frequency: 243.463MHz)
  Total number of paths / destination ports: 34 / 9
-------------------------------------------------------------------------
Delay:               4.107ns (Levels of Logic = 3)
  Source:            XLXI_14/XLXI_5/XLXI_2/Q (FF)
  Destination:       XLXI_14/XLXI_5/XLXI_5/Q (FF)
  Source Clock:      XLXI_14/XLXN_4 rising
  Destination Clock: XLXI_14/XLXN_4 rising

  Data Path: XLXI_14/XLXI_5/XLXI_2/Q to XLXI_14/XLXI_5/XLXI_5/Q
                                Gate     Net
    Cell:in->out      fanout   Delay   Delay  Logical Name (Net Name)
    ----------------------------------------  ------------
     FDC:C->Q              8   0.447   1.167  Q (Q)
     end scope: 'XLXI_14/XLXI_5/XLXI_2:Q'
     AND4B2:I0->O          1   0.203   0.924  XLXI_14/XLXI_5/XLXI_12 (XLXI_14/XLXI_5/XLXN_30)
     OR2:I1->O             5   0.223   0.714  XLXI_14/XLXI_5/XLXI_13 (XLXN_20)
     begin scope: 'XLXI_14/XLXI_5/XLXI_5:CLR'
     FDC:CLR                   0.430          Q
    ----------------------------------------
    Total                      4.107ns (1.303ns logic, 2.804ns route)
                                       (31.7% logic, 68.3% route)

=========================================================================
Timing constraint: Default period analysis for Clock 'XLXN_20'
  Clock period: 2.106ns (frequency: 474.721MHz)
  Total number of paths / destination ports: 1 / 1
-------------------------------------------------------------------------
Delay:               2.106ns (Levels of Logic = 1)
  Source:            XLXI_13/XLXI_7/Q (FF)
  Destination:       XLXI_13/XLXI_7/Q (FF)
  Source Clock:      XLXN_20 rising
  Destination Clock: XLXN_20 rising

  Data Path: XLXI_13/XLXI_7/Q to XLXI_13/XLXI_7/Q
                                Gate     Net
    Cell:in->out      fanout   Delay   Delay  Logical Name (Net Name)
    ----------------------------------------  ------------
     FDC:C->Q              7   0.447   0.773  Q (Q)
     INV:I->O              1   0.206   0.579  Mmux_Q_Q_MUX_23_o11_INV_0 (Q_Q_MUX_23_o)
     FDC:D                     0.102          Q
    ----------------------------------------
    Total                      2.106ns (0.755ns logic, 1.352ns route)
                                       (35.8% logic, 64.2% route)

=========================================================================
Timing constraint: Default period analysis for Clock 'XLXN_40'
  Clock period: 3.099ns (frequency: 322.674MHz)
  Total number of paths / destination ports: 15 / 6
-------------------------------------------------------------------------
Delay:               3.099ns (Levels of Logic = 2)
  Source:            XLXI_15/XLXI_14/Q0 (FF)
  Destination:       XLXI_15/XLXI_14/Q2 (FF)
  Source Clock:      XLXN_40 rising
  Destination Clock: XLXN_40 rising

  Data Path: XLXI_15/XLXI_14/Q0 to XLXI_15/XLXI_14/Q2
                                Gate     Net
    Cell:in->out      fanout   Delay   Delay  Logical Name (Net Name)
    ----------------------------------------  ------------
     FDCE:C->Q            16   0.447   1.349  Q0 (Q0)
     end scope: 'XLXI_15/XLXI_14:Q0'
     AND3B1:I1->O          3   0.223   0.650  XLXI_15/XLXI_15 (XLXI_15/XLXN_120)
     begin scope: 'XLXI_15/XLXI_14:CLR'
     FDCE:CLR                  0.430          Q2
    ----------------------------------------
    Total                      3.099ns (1.100ns logic, 1.999ns route)
                                       (35.5% logic, 64.5% route)

=========================================================================
Timing constraint: Default OFFSET OUT AFTER for Clock 'XLXN_20'
  Total number of paths / destination ports: 83 / 9
-------------------------------------------------------------------------
Offset:              8.798ns (Levels of Logic = 8)
  Source:            XLXI_13/XLXI_7/Q (FF)
  Destination:       a (PAD)
  Source Clock:      XLXN_20 rising

  Data Path: XLXI_13/XLXI_7/Q to a
                                Gate     Net
    Cell:in->out      fanout   Delay   Delay  Logical Name (Net Name)
    ----------------------------------------  ------------
     FDC:C->Q              7   0.447   1.002  Q (Q)
     end scope: 'XLXI_13/XLXI_7:Q'
     begin scope: 'XLXI_13/XLXI_1/XLXI_1:S0'
     LUT3:I0->O           22   0.205   1.133  Mmux_O11 (O)
     end scope: 'XLXI_13/XLXI_1/XLXI_1:O'
     INV:I->O              1   0.568   0.924  XLXI_13/XLXI_2/XLXI_26 (XLXI_13/XLXI_2/XLXN_4)
     AND2:I1->O            1   0.223   0.944  XLXI_13/XLXI_2/XLXI_1 (XLXI_13/XLXI_2/XLXN_5)
     begin scope: 'XLXI_13/XLXI_2/XLXI_99:I4'
     LUT6:I0->O            1   0.203   0.579  O1 (O)
     end scope: 'XLXI_13/XLXI_2/XLXI_99:O'
     OBUF:I->O                 2.571          a_OBUF (a)
    ----------------------------------------
    Total                      8.798ns (4.217ns logic, 4.581ns route)
                                       (47.9% logic, 52.1% route)

=========================================================================
Timing constraint: Default OFFSET OUT AFTER for Clock 'XLXN_40'
  Total number of paths / destination ports: 332 / 11
-------------------------------------------------------------------------
Offset:              10.050ns (Levels of Logic = 10)
  Source:            XLXI_15/XLXI_14/Q0 (FF)
  Destination:       a (PAD)
  Source Clock:      XLXN_40 rising

  Data Path: XLXI_15/XLXI_14/Q0 to a
                                Gate     Net
    Cell:in->out      fanout   Delay   Delay  Logical Name (Net Name)
    ----------------------------------------  ------------
     FDCE:C->Q            16   0.447   1.369  Q0 (Q0)
     end scope: 'XLXI_15/XLXI_14:Q0'
     begin scope: 'XLXI_12/XLXI_12:S0'
     LUT6:I0->O            1   0.203   0.684  Mmux_O11 (O)
     end scope: 'XLXI_12/XLXI_12:O'
     begin scope: 'XLXI_13/XLXI_1/XLXI_1:D0'
     LUT3:I1->O           22   0.203   1.133  Mmux_O11 (O)
     end scope: 'XLXI_13/XLXI_1/XLXI_1:O'
     INV:I->O              1   0.568   0.924  XLXI_13/XLXI_2/XLXI_26 (XLXI_13/XLXI_2/XLXN_4)
     AND2:I1->O            1   0.223   0.944  XLXI_13/XLXI_2/XLXI_1 (XLXI_13/XLXI_2/XLXN_5)
     begin scope: 'XLXI_13/XLXI_2/XLXI_99:I4'
     LUT6:I0->O            1   0.203   0.579  O1 (O)
     end scope: 'XLXI_13/XLXI_2/XLXI_99:O'
     OBUF:I->O                 2.571          a_OBUF (a)
    ----------------------------------------
    Total                     10.050ns (4.418ns logic, 5.632ns route)
                                       (44.0% logic, 56.0% route)

=========================================================================
Timing constraint: Default path analysis
  Total number of paths / destination ports: 19647 / 7
-------------------------------------------------------------------------
Delay:               12.891ns (Levels of Logic = 18)
  Source:            A<0> (PAD)
  Destination:       a (PAD)

  Data Path: A<0> to a
                                Gate     Net
    Cell:in->out      fanout   Delay   Delay  Logical Name (Net Name)
    ----------------------------------------  ------------
     IBUF:I->O             4   1.222   0.683  A_0_IBUF (A_0_IBUF)
     begin scope: 'XLXI_9/XLXI_1:A<0>'
     INV:I->O              1   0.206   0.000  Mmux_adsu_tmp_A_rs_lut<0>1_INV_0 (Mmux_adsu_tmp_A_rs_lut<0>)
     MUXCY:S->O            1   0.172   0.000  Mmux_adsu_tmp_A_rs_cy<0> (Mmux_adsu_tmp_A_rs_cy<0>)
     MUXCY:CI->O           1   0.019   0.000  Mmux_adsu_tmp_A_rs_cy<1> (Mmux_adsu_tmp_A_rs_cy<1>)
     XORCY:CI->O           1   0.180   0.808  Mmux_adsu_tmp_A_rs_xor<2> (Mmux_adsu_tmp_rs_A<2>)
     LUT3:I0->O            1   0.205   0.000  Mmux_adsu_tmp_rs_lut<2> (Mmux_adsu_tmp_rs_lut<2>)
     MUXCY:S->O            1   0.172   0.000  Mmux_adsu_tmp_rs_cy<2> (Mmux_adsu_tmp_rs_cy<2>)
     XORCY:CI->O           1   0.180   0.808  Mmux_adsu_tmp_rs_xor<3> (S<3>)
     end scope: 'XLXI_9/XLXI_1:S<3>'
     begin scope: 'XLXI_12/XLXI_12:D1'
     LUT6:I3->O            1   0.205   0.684  Mmux_O11 (O)
     end scope: 'XLXI_12/XLXI_12:O'
     begin scope: 'XLXI_13/XLXI_1/XLXI_1:D0'
     LUT3:I1->O           22   0.203   1.133  Mmux_O11 (O)
     end scope: 'XLXI_13/XLXI_1/XLXI_1:O'
     INV:I->O              1   0.568   0.924  XLXI_13/XLXI_2/XLXI_26 (XLXI_13/XLXI_2/XLXN_4)
     AND2:I1->O            1   0.223   0.944  XLXI_13/XLXI_2/XLXI_1 (XLXI_13/XLXI_2/XLXN_5)
     begin scope: 'XLXI_13/XLXI_2/XLXI_99:I4'
     LUT6:I0->O            1   0.203   0.579  O1 (O)
     end scope: 'XLXI_13/XLXI_2/XLXI_99:O'
     OBUF:I->O                 2.571          a_OBUF (a)
    ----------------------------------------
    Total                     12.891ns (6.329ns logic, 6.562ns route)
                                       (49.1% logic, 50.9% route)

=========================================================================

Cross Clock Domains Report:
--------------------------

Clock to Setup on destination clock CLK
---------------+---------+---------+---------+---------+
               | Src:Rise| Src:Fall| Src:Rise| Src:Fall|
Source Clock   |Dest:Rise|Dest:Rise|Dest:Fall|Dest:Fall|
---------------+---------+---------+---------+---------+
CLK            |    4.195|         |         |         |
---------------+---------+---------+---------+---------+

Clock to Setup on destination clock XLXI_14/XLXN_1
---------------+---------+---------+---------+---------+
               | Src:Rise| Src:Fall| Src:Rise| Src:Fall|
Source Clock   |Dest:Rise|Dest:Rise|Dest:Fall|Dest:Fall|
---------------+---------+---------+---------+---------+
XLXI_14/XLXN_1 |    4.195|         |         |         |
---------------+---------+---------+---------+---------+

Clock to Setup on destination clock XLXI_14/XLXN_2
---------------+---------+---------+---------+---------+
               | Src:Rise| Src:Fall| Src:Rise| Src:Fall|
Source Clock   |Dest:Rise|Dest:Rise|Dest:Fall|Dest:Fall|
---------------+---------+---------+---------+---------+
XLXI_14/XLXN_2 |    4.195|         |         |         |
---------------+---------+---------+---------+---------+

Clock to Setup on destination clock XLXI_14/XLXN_3
---------------+---------+---------+---------+---------+
               | Src:Rise| Src:Fall| Src:Rise| Src:Fall|
Source Clock   |Dest:Rise|Dest:Rise|Dest:Fall|Dest:Fall|
---------------+---------+---------+---------+---------+
XLXI_14/XLXN_3 |    4.195|         |         |         |
---------------+---------+---------+---------+---------+

Clock to Setup on destination clock XLXI_14/XLXN_4
---------------+---------+---------+---------+---------+
               | Src:Rise| Src:Fall| Src:Rise| Src:Fall|
Source Clock   |Dest:Rise|Dest:Rise|Dest:Fall|Dest:Fall|
---------------+---------+---------+---------+---------+
XLXI_14/XLXN_4 |    4.107|         |         |         |
---------------+---------+---------+---------+---------+

Clock to Setup on destination clock XLXN_20
---------------+---------+---------+---------+---------+
               | Src:Rise| Src:Fall| Src:Rise| Src:Fall|
Source Clock   |Dest:Rise|Dest:Rise|Dest:Fall|Dest:Fall|
---------------+---------+---------+---------+---------+
XLXN_20        |    2.106|         |         |         |
---------------+---------+---------+---------+---------+

Clock to Setup on destination clock XLXN_40
---------------+---------+---------+---------+---------+
               | Src:Rise| Src:Fall| Src:Rise| Src:Fall|
Source Clock   |Dest:Rise|Dest:Rise|Dest:Fall|Dest:Fall|
---------------+---------+---------+---------+---------+
XLXN_40        |    3.099|         |         |         |
---------------+---------+---------+---------+---------+

=========================================================================


Total REAL time to Xst completion: 8.00 secs
Total CPU time to Xst completion: 8.08 secs
 
--> 

Total memory usage is 4485860 kilobytes

Number of errors   :    0 (   0 filtered)
Number of warnings :    3 (   0 filtered)
Number of infos    :   11 (   0 filtered)

