Release 14.7 - xst P.20131013 (nt64)
Copyright (c) 1995-2013 Xilinx, Inc.  All rights reserved.
--> Parameter TMPDIR set to xst/projnav.tmp


Total REAL time to Xst completion: 0.00 secs
Total CPU time to Xst completion: 0.16 secs
 
--> Parameter xsthdpdir set to xst


Total REAL time to Xst completion: 0.00 secs
Total CPU time to Xst completion: 0.16 secs
 
--> Reading design: Lab8.prj

TABLE OF CONTENTS
  1) Synthesis Options Summary
  2) HDL Parsing
  3) HDL Elaboration
  4) HDL Synthesis
       4.1) HDL Synthesis Report
  5) Advanced HDL Synthesis
       5.1) Advanced HDL Synthesis Report
  6) Low Level Synthesis
  7) Partition Report
  8) Design Summary
       8.1) Primitive and Black Box Usage
       8.2) Device utilization summary
       8.3) Partition Resource Summary
       8.4) Timing Report
            8.4.1) Clock Information
            8.4.2) Asynchronous Control Signals Information
            8.4.3) Timing Summary
            8.4.4) Timing Details
            8.4.5) Cross Clock Domains Report


=========================================================================
*                      Synthesis Options Summary                        *
=========================================================================
---- Source Parameters
Input File Name                    : "Lab8.prj"
Ignore Synthesis Constraint File   : NO

---- Target Parameters
Output File Name                   : "Lab8"
Output Format                      : NGC
Target Device                      : xc6slx9-3-tqg144

---- Source Options
Top Module Name                    : Lab8
Automatic FSM Extraction           : YES
FSM Encoding Algorithm             : Auto
Safe Implementation                : No
FSM Style                          : LUT
RAM Extraction                     : Yes
RAM Style                          : Auto
ROM Extraction                     : Yes
Shift Register Extraction          : YES
ROM Style                          : Auto
Resource Sharing                   : YES
Asynchronous To Synchronous        : NO
Shift Register Minimum Size        : 2
Use DSP Block                      : Auto
Automatic Register Balancing       : No

---- Target Options
LUT Combining                      : Auto
Reduce Control Sets                : Auto
Add IO Buffers                     : YES
Global Maximum Fanout              : 100000
Add Generic Clock Buffer(BUFG)     : 16
Register Duplication               : YES
Optimize Instantiated Primitives   : NO
Use Clock Enable                   : Auto
Use Synchronous Set                : Auto
Use Synchronous Reset              : Auto
Pack IO Registers into IOBs        : Auto
Equivalent register Removal        : YES

---- General Options
Optimization Goal                  : Speed
Optimization Effort                : 1
Power Reduction                    : NO
Keep Hierarchy                     : No
Netlist Hierarchy                  : As_Optimized
RTL Output                         : Yes
Global Optimization                : AllClockNets
Read Cores                         : YES
Write Timing Constraints           : NO
Cross Clock Analysis               : NO
Hierarchy Separator                : /
Bus Delimiter                      : <>
Case Specifier                     : Maintain
Slice Utilization Ratio            : 100
BRAM Utilization Ratio             : 100
DSP48 Utilization Ratio            : 100
Auto BRAM Packing                  : NO
Slice Utilization Ratio Delta      : 5

=========================================================================


=========================================================================
*                          HDL Parsing                                  *
=========================================================================
Analyzing Verilog file "D:\DigitalSystem\Lab\Lab8\mode10.vf" into library work
Parsing module <FJKC_HXILINX_mode10>.
Parsing module <mode10>.
Analyzing Verilog file "D:\DigitalSystem\Lab\Lab8\FullAdder.vf" into library work
Parsing module <FullAdder>.
Analyzing Verilog file "D:\DigitalSystem\Lab\Lab8\BCHextoSegment.vf" into library work
Parsing module <OR6_HXILINX_BCHextoSegment>.
Parsing module <BCHextoSegment>.
Analyzing Verilog file "D:\DigitalSystem\Lab\Lab8\MUX12_4.vf" into library work
Parsing module <M4_1E_HXILINX_MUX12_4>.
Parsing module <MUX12_4>.
Analyzing Verilog file "D:\DigitalSystem\Lab\Lab8\Decoder1_3.vf" into library work
Parsing module <D2_4E_HXILINX_Decoder1_3>.
Parsing module <Decoder1_3>.
Analyzing Verilog file "D:\DigitalSystem\Lab\Lab8\div100k.vf" into library work
Parsing module <div100k>.
Analyzing Verilog file "D:\DigitalSystem\Lab\Lab8\FullAdder8bit.vf" into library work
Parsing module <FullAdder8bit>.
Analyzing Verilog file "D:\DigitalSystem\Lab\Lab8\Display.vf" into library work
Parsing module <M4_1E_HXILINX_Display>.
Parsing module <D2_4E_HXILINX_Display>.
Parsing module <CB2CE_HXILINX_Display>.
Parsing module <Decoder1_3_MUSER_Display>.
Parsing module <MUX12_4_MUSER_Display>.
Parsing module <Display>.
Analyzing Verilog file "D:\DigitalSystem\Lab\Lab8\Lab8.vf" into library work
Parsing module <INV4_HXILINX_Lab8>.
Parsing module <M4_1E_HXILINX_Lab8>.
Parsing module <D2_4E_HXILINX_Lab8>.
Parsing module <AND8_HXILINX_Lab8>.
Parsing module <CB2CE_HXILINX_Lab8>.
Parsing module <Decoder1_3_MUSER_Lab8>.
Parsing module <MUX12_4_MUSER_Lab8>.
Parsing module <Display_MUSER_Lab8>.
Parsing module <FullAdder8bit_MUSER_Lab8>.
Parsing module <Lab8>.

=========================================================================
*                            HDL Elaboration                            *
=========================================================================

Elaborating module <Lab8>.

Elaborating module <FullAdder8bit_MUSER_Lab8>.

Elaborating module <FullAdder>.

Elaborating module <XOR2>.

Elaborating module <AND2>.

Elaborating module <OR2>.

Elaborating module <GND>.

Elaborating module <div100k>.

Elaborating module <mode10>.

Elaborating module <FJKC_HXILINX_mode10>.

Elaborating module <VCC>.

Elaborating module <AND3>.

Elaborating module <Display_MUSER_Lab8>.

Elaborating module <BCHextoSegment>.

Elaborating module <INV>.

Elaborating module <OR6_HXILINX_BCHextoSegment>.

Elaborating module <OR5>.

Elaborating module <OR4>.

Elaborating module <CB2CE_HXILINX_Lab8>.
WARNING:HDLCompiler:413 - "D:\DigitalSystem\Lab\Lab8\Lab8.vf" Line 152: Result of 3-bit expression is truncated to fit in 2-bit target.

Elaborating module <MUX12_4_MUSER_Lab8>.

Elaborating module <M4_1E_HXILINX_Lab8>.

Elaborating module <Decoder1_3_MUSER_Lab8>.

Elaborating module <D2_4E_HXILINX_Lab8>.

Elaborating module <AND8_HXILINX_Lab8>.

Elaborating module <INV4_HXILINX_Lab8>.

=========================================================================
*                           HDL Synthesis                               *
=========================================================================

Synthesizing Unit <Lab8>.
    Related source file is "D:\DigitalSystem\Lab\Lab8\Lab8.vf".
    Set property "HU_SET = XLXI_6_8" for instance <XLXI_6>.
    Set property "HU_SET = XLXI_8_6" for instance <XLXI_8>.
    Set property "HU_SET = XLXI_9_7" for instance <XLXI_9>.
    Summary:
	no macro.
Unit <Lab8> synthesized.

Synthesizing Unit <FullAdder8bit_MUSER_Lab8>.
    Related source file is "D:\DigitalSystem\Lab\Lab8\Lab8.vf".
    Summary:
	no macro.
Unit <FullAdder8bit_MUSER_Lab8> synthesized.

Synthesizing Unit <FullAdder>.
    Related source file is "D:\DigitalSystem\Lab\Lab8\FullAdder.vf".
    Summary:
	no macro.
Unit <FullAdder> synthesized.

Synthesizing Unit <div100k>.
    Related source file is "D:\DigitalSystem\Lab\Lab8\div100k.vf".
    Summary:
	no macro.
Unit <div100k> synthesized.

Synthesizing Unit <mode10>.
    Related source file is "D:\DigitalSystem\Lab\Lab8\mode10.vf".
    Set property "HU_SET = XLXI_2_18" for instance <XLXI_2>.
    Set property "HU_SET = XLXI_3_19" for instance <XLXI_3>.
    Set property "HU_SET = XLXI_4_20" for instance <XLXI_4>.
    Set property "HU_SET = XLXI_5_21" for instance <XLXI_5>.
    Summary:
	no macro.
Unit <mode10> synthesized.

Synthesizing Unit <FJKC_HXILINX_mode10>.
    Related source file is "D:\DigitalSystem\Lab\Lab8\mode10.vf".
        INIT = 1'b0
    Found 1-bit register for signal <Q>.
    Summary:
	inferred   1 D-type flip-flop(s).
	inferred   2 Multiplexer(s).
Unit <FJKC_HXILINX_mode10> synthesized.

Synthesizing Unit <Display_MUSER_Lab8>.
    Related source file is "D:\DigitalSystem\Lab\Lab8\Lab8.vf".
    Set property "HU_SET = XLXI_4_5" for instance <XLXI_4>.
INFO:Xst:3210 - "D:\DigitalSystem\Lab\Lab8\Lab8.vf" line 303: Output port <CEO> of the instance <XLXI_4> is unconnected or connected to loadless signal.
    Summary:
	no macro.
Unit <Display_MUSER_Lab8> synthesized.

Synthesizing Unit <BCHextoSegment>.
    Related source file is "D:\DigitalSystem\Lab\Lab8\BCHextoSegment.vf".
    Set property "HU_SET = XLXI_99_6" for instance <XLXI_99>.
    Summary:
	no macro.
Unit <BCHextoSegment> synthesized.

Synthesizing Unit <OR6_HXILINX_BCHextoSegment>.
    Related source file is "D:\DigitalSystem\Lab\Lab8\BCHextoSegment.vf".
    Summary:
	no macro.
Unit <OR6_HXILINX_BCHextoSegment> synthesized.

Synthesizing Unit <CB2CE_HXILINX_Lab8>.
    Related source file is "D:\DigitalSystem\Lab\Lab8\Lab8.vf".
    Found 1-bit register for signal <Q1>.
    Found 1-bit register for signal <Q0>.
    Found 2-bit adder for signal <Q1_GND_19_o_add_0_OUT> created at line 152.
    Summary:
	inferred   1 Adder/Subtractor(s).
	inferred   2 D-type flip-flop(s).
Unit <CB2CE_HXILINX_Lab8> synthesized.

Synthesizing Unit <MUX12_4_MUSER_Lab8>.
    Related source file is "D:\DigitalSystem\Lab\Lab8\Lab8.vf".
    Set property "HU_SET = XLXI_1_1" for instance <XLXI_1>.
    Set property "HU_SET = XLXI_2_2" for instance <XLXI_2>.
    Set property "HU_SET = XLXI_3_3" for instance <XLXI_3>.
    Set property "HU_SET = XLXI_4_4" for instance <XLXI_4>.
    Summary:
	no macro.
Unit <MUX12_4_MUSER_Lab8> synthesized.

Synthesizing Unit <M4_1E_HXILINX_Lab8>.
    Related source file is "D:\DigitalSystem\Lab\Lab8\Lab8.vf".
    Found 1-bit 4-to-1 multiplexer for signal <S1_D3_Mux_0_o> created at line 65.
    Summary:
	inferred   2 Multiplexer(s).
Unit <M4_1E_HXILINX_Lab8> synthesized.

Synthesizing Unit <Decoder1_3_MUSER_Lab8>.
    Related source file is "D:\DigitalSystem\Lab\Lab8\Lab8.vf".
    Set property "HU_SET = XLXI_1_0" for instance <XLXI_1>.
INFO:Xst:3210 - "D:\DigitalSystem\Lab\Lab8\Lab8.vf" line 173: Output port <D3> of the instance <XLXI_1> is unconnected or connected to loadless signal.
    Summary:
	no macro.
Unit <Decoder1_3_MUSER_Lab8> synthesized.

Synthesizing Unit <D2_4E_HXILINX_Lab8>.
    Related source file is "D:\DigitalSystem\Lab\Lab8\Lab8.vf".
    Summary:
	inferred   4 Multiplexer(s).
Unit <D2_4E_HXILINX_Lab8> synthesized.

Synthesizing Unit <AND8_HXILINX_Lab8>.
    Related source file is "D:\DigitalSystem\Lab\Lab8\Lab8.vf".
    Summary:
	no macro.
Unit <AND8_HXILINX_Lab8> synthesized.

Synthesizing Unit <INV4_HXILINX_Lab8>.
    Related source file is "D:\DigitalSystem\Lab\Lab8\Lab8.vf".
    Summary:
	no macro.
Unit <INV4_HXILINX_Lab8> synthesized.

=========================================================================
HDL Synthesis Report

Macro Statistics
# Adders/Subtractors                                   : 1
 2-bit adder                                           : 1
# Registers                                            : 22
 1-bit register                                        : 22
# Multiplexers                                         : 52
 1-bit 2-to-1 multiplexer                              : 48
 1-bit 4-to-1 multiplexer                              : 4

=========================================================================

=========================================================================
*                       Advanced HDL Synthesis                          *
=========================================================================


=========================================================================
Advanced HDL Synthesis Report

Macro Statistics
# Adders/Subtractors                                   : 1
 2-bit adder                                           : 1
# Registers                                            : 22
 Flip-Flops                                            : 22
# Multiplexers                                         : 52
 1-bit 2-to-1 multiplexer                              : 48
 1-bit 4-to-1 multiplexer                              : 4

=========================================================================

=========================================================================
*                         Low Level Synthesis                           *
=========================================================================

Optimizing unit <Lab8> ...

Optimizing unit <FullAdder8bit_MUSER_Lab8> ...

Optimizing unit <BCHextoSegment> ...

Optimizing unit <FJKC_HXILINX_mode10> ...

Optimizing unit <M4_1E_HXILINX_Lab8> ...

Optimizing unit <CB2CE_HXILINX_Lab8> ...

Optimizing unit <OR6_HXILINX_BCHextoSegment> ...

Optimizing unit <D2_4E_HXILINX_Lab8> ...

Optimizing unit <INV4_HXILINX_Lab8> ...

Optimizing unit <AND8_HXILINX_Lab8> ...

Mapping all equations...
Building and optimizing final netlist ...
Found area constraint ratio of 100 (+ 5) on block Lab8, actual ratio is 0.

Final Macro Processing ...

=========================================================================
Final Register Report

Macro Statistics
# Registers                                            : 22
 Flip-Flops                                            : 22

=========================================================================

=========================================================================
*                           Partition Report                            *
=========================================================================

Partition Implementation Status
-------------------------------

  No Partitions were found in this design.

-------------------------------

=========================================================================
*                            Design Summary                             *
=========================================================================

Top Level Output File Name         : Lab8.ngc

Primitive and Black Box Usage:
------------------------------
# BELS                             : 190
#      AND2                        : 50
#      AND3                        : 16
#      GND                         : 1
#      INV                         : 60
#      LUT2                        : 10
#      LUT3                        : 16
#      LUT4                        : 3
#      LUT5                        : 1
#      LUT6                        : 2
#      OR2                         : 8
#      OR4                         : 1
#      OR5                         : 5
#      VCC                         : 1
#      XOR2                        : 16
# FlipFlops/Latches                : 22
#      FDC                         : 15
#      FDCE                        : 7
# Clock Buffers                    : 1
#      BUFGP                       : 1
# IO Buffers                       : 28
#      IBUF                        : 16
#      OBUF                        : 12

Device utilization summary:
---------------------------

Selected Device : 6slx9tqg144-3 


Slice Logic Utilization: 
 Number of Slice Registers:              22  out of  11440     0%  
 Number of Slice LUTs:                   92  out of   5720     1%  
    Number used as Logic:                92  out of   5720     1%  

Slice Logic Distribution: 
 Number of LUT Flip Flop pairs used:    114
   Number with an unused Flip Flop:      92  out of    114    80%  
   Number with an unused LUT:            22  out of    114    19%  
   Number of fully used LUT-FF pairs:     0  out of    114     0%  
   Number of unique control sets:        21

IO Utilization: 
 Number of IOs:                          29
 Number of bonded IOBs:                  29  out of    102    28%  

Specific Feature Utilization:
 Number of BUFG/BUFGCTRLs:                1  out of     16     6%  

---------------------------
Partition Resource Summary:
---------------------------

  No Partitions were found in this design.

---------------------------


=========================================================================
Timing Report

NOTE: THESE TIMING NUMBERS ARE ONLY A SYNTHESIS ESTIMATE.
      FOR ACCURATE TIMING INFORMATION PLEASE REFER TO THE TRACE REPORT
      GENERATED AFTER PLACE-and-ROUTE.

Clock Information:
------------------
--------------------------------------+--------------------------------+-------+
Clock Signal                          | Clock buffer(FF name)          | Load  |
--------------------------------------+--------------------------------+-------+
CLK                                   | BUFGP                          | 4     |
XLXI_4/XLXN_1(XLXI_4/XLXI_1/XLXI_10:O)| NONE(*)(XLXI_4/XLXI_2/XLXI_5/Q)| 4     |
XLXI_4/XLXN_2(XLXI_4/XLXI_2/XLXI_10:O)| NONE(*)(XLXI_4/XLXI_3/XLXI_5/Q)| 4     |
XLXI_4/XLXN_3(XLXI_4/XLXI_3/XLXI_10:O)| NONE(*)(XLXI_4/XLXI_4/XLXI_5/Q)| 4     |
XLXI_4/XLXN_4(XLXI_4/XLXI_4/XLXI_10:O)| NONE(*)(XLXI_4/XLXI_5/XLXI_5/Q)| 4     |
XLXN_12(XLXI_4/XLXI_5/XLXI_10:O)      | NONE(*)(XLXI_5/XLXI_4/Q0)      | 2     |
--------------------------------------+--------------------------------+-------+
(*) These 5 clock signal(s) are generated by combinatorial logic,
and XST is not able to identify which are the primary clock signals.
Please use the CLOCK_SIGNAL constraint to specify the clock signal(s) generated by combinatorial logic.
INFO:Xst:2169 - HDL ADVISOR - Some clock signals were not automatically buffered by XST with BUFG/BUFR resources. Please use the buffer_type constraint in order to insert these buffers to the clock signals to help prevent skew problems.

Asynchronous Control Signals Information:
----------------------------------------
No asynchronous control signals found in this design

Timing Summary:
---------------
Speed Grade: -3

   Minimum period: 2.929ns (Maximum Frequency: 341.402MHz)
   Minimum input arrival time before clock: No path found
   Maximum output required time after clock: 8.906ns
   Maximum combinational path delay: 28.922ns

Timing Details:
---------------
All values displayed in nanoseconds (ns)

=========================================================================
Timing constraint: Default period analysis for Clock 'CLK'
  Clock period: 2.929ns (frequency: 341.402MHz)
  Total number of paths / destination ports: 26 / 9
-------------------------------------------------------------------------
Delay:               2.929ns (Levels of Logic = 2)
  Source:            XLXI_4/XLXI_1/XLXI_3/Q (FF)
  Destination:       XLXI_4/XLXI_1/XLXI_5/Q (FF)
  Source Clock:      CLK rising
  Destination Clock: CLK rising

  Data Path: XLXI_4/XLXI_1/XLXI_3/Q to XLXI_4/XLXI_1/XLXI_5/Q
                                Gate     Net
    Cell:in->out      fanout   Delay   Delay  Logical Name (Net Name)
    ----------------------------------------  ------------
     FDCE:C->Q             4   0.447   1.048  Q (Q)
     end scope: 'XLXI_4/XLXI_1/XLXI_3:Q'
     AND2:I0->O            8   0.203   0.802  XLXI_4/XLXI_1/XLXI_10 (XLXI_4/XLXN_1)
     begin scope: 'XLXI_4/XLXI_1/XLXI_5:CLR'
     FDC:CLR                   0.430          Q
    ----------------------------------------
    Total                      2.929ns (1.080ns logic, 1.849ns route)
                                       (36.9% logic, 63.1% route)

=========================================================================
Timing constraint: Default period analysis for Clock 'XLXI_4/XLXN_1'
  Clock period: 2.929ns (frequency: 341.402MHz)
  Total number of paths / destination ports: 26 / 9
-------------------------------------------------------------------------
Delay:               2.929ns (Levels of Logic = 2)
  Source:            XLXI_4/XLXI_2/XLXI_3/Q (FF)
  Destination:       XLXI_4/XLXI_2/XLXI_5/Q (FF)
  Source Clock:      XLXI_4/XLXN_1 rising
  Destination Clock: XLXI_4/XLXN_1 rising

  Data Path: XLXI_4/XLXI_2/XLXI_3/Q to XLXI_4/XLXI_2/XLXI_5/Q
                                Gate     Net
    Cell:in->out      fanout   Delay   Delay  Logical Name (Net Name)
    ----------------------------------------  ------------
     FDCE:C->Q             4   0.447   1.048  Q (Q)
     end scope: 'XLXI_4/XLXI_2/XLXI_3:Q'
     AND2:I0->O            8   0.203   0.802  XLXI_4/XLXI_2/XLXI_10 (XLXI_4/XLXN_2)
     begin scope: 'XLXI_4/XLXI_2/XLXI_5:CLR'
     FDC:CLR                   0.430          Q
    ----------------------------------------
    Total                      2.929ns (1.080ns logic, 1.849ns route)
                                       (36.9% logic, 63.1% route)

=========================================================================
Timing constraint: Default period analysis for Clock 'XLXI_4/XLXN_2'
  Clock period: 2.929ns (frequency: 341.402MHz)
  Total number of paths / destination ports: 26 / 9
-------------------------------------------------------------------------
Delay:               2.929ns (Levels of Logic = 2)
  Source:            XLXI_4/XLXI_3/XLXI_3/Q (FF)
  Destination:       XLXI_4/XLXI_3/XLXI_5/Q (FF)
  Source Clock:      XLXI_4/XLXN_2 rising
  Destination Clock: XLXI_4/XLXN_2 rising

  Data Path: XLXI_4/XLXI_3/XLXI_3/Q to XLXI_4/XLXI_3/XLXI_5/Q
                                Gate     Net
    Cell:in->out      fanout   Delay   Delay  Logical Name (Net Name)
    ----------------------------------------  ------------
     FDCE:C->Q             4   0.447   1.048  Q (Q)
     end scope: 'XLXI_4/XLXI_3/XLXI_3:Q'
     AND2:I0->O            8   0.203   0.802  XLXI_4/XLXI_3/XLXI_10 (XLXI_4/XLXN_3)
     begin scope: 'XLXI_4/XLXI_3/XLXI_5:CLR'
     FDC:CLR                   0.430          Q
    ----------------------------------------
    Total                      2.929ns (1.080ns logic, 1.849ns route)
                                       (36.9% logic, 63.1% route)

=========================================================================
Timing constraint: Default period analysis for Clock 'XLXI_4/XLXN_3'
  Clock period: 2.929ns (frequency: 341.402MHz)
  Total number of paths / destination ports: 26 / 9
-------------------------------------------------------------------------
Delay:               2.929ns (Levels of Logic = 2)
  Source:            XLXI_4/XLXI_4/XLXI_3/Q (FF)
  Destination:       XLXI_4/XLXI_4/XLXI_5/Q (FF)
  Source Clock:      XLXI_4/XLXN_3 rising
  Destination Clock: XLXI_4/XLXN_3 rising

  Data Path: XLXI_4/XLXI_4/XLXI_3/Q to XLXI_4/XLXI_4/XLXI_5/Q
                                Gate     Net
    Cell:in->out      fanout   Delay   Delay  Logical Name (Net Name)
    ----------------------------------------  ------------
     FDCE:C->Q             4   0.447   1.048  Q (Q)
     end scope: 'XLXI_4/XLXI_4/XLXI_3:Q'
     AND2:I0->O            8   0.203   0.802  XLXI_4/XLXI_4/XLXI_10 (XLXI_4/XLXN_4)
     begin scope: 'XLXI_4/XLXI_4/XLXI_5:CLR'
     FDC:CLR                   0.430          Q
    ----------------------------------------
    Total                      2.929ns (1.080ns logic, 1.849ns route)
                                       (36.9% logic, 63.1% route)

=========================================================================
Timing constraint: Default period analysis for Clock 'XLXI_4/XLXN_4'
  Clock period: 2.871ns (frequency: 348.274MHz)
  Total number of paths / destination ports: 26 / 9
-------------------------------------------------------------------------
Delay:               2.871ns (Levels of Logic = 2)
  Source:            XLXI_4/XLXI_5/XLXI_3/Q (FF)
  Destination:       XLXI_4/XLXI_5/XLXI_5/Q (FF)
  Source Clock:      XLXI_4/XLXN_4 rising
  Destination Clock: XLXI_4/XLXN_4 rising

  Data Path: XLXI_4/XLXI_5/XLXI_3/Q to XLXI_4/XLXI_5/XLXI_5/Q
                                Gate     Net
    Cell:in->out      fanout   Delay   Delay  Logical Name (Net Name)
    ----------------------------------------  ------------
     FDCE:C->Q             4   0.447   1.048  Q (Q)
     end scope: 'XLXI_4/XLXI_5/XLXI_3:Q'
     AND2:I0->O            6   0.203   0.744  XLXI_4/XLXI_5/XLXI_10 (XLXN_12)
     begin scope: 'XLXI_4/XLXI_5/XLXI_5:CLR'
     FDC:CLR                   0.430          Q
    ----------------------------------------
    Total                      2.871ns (1.080ns logic, 1.791ns route)
                                       (37.6% logic, 62.4% route)

=========================================================================
Timing constraint: Default period analysis for Clock 'XLXN_12'
  Clock period: 2.630ns (frequency: 380.228MHz)
  Total number of paths / destination ports: 7 / 4
-------------------------------------------------------------------------
Delay:               2.630ns (Levels of Logic = 2)
  Source:            XLXI_5/XLXI_4/Q1 (FF)
  Destination:       XLXI_5/XLXI_4/Q0 (FF)
  Source Clock:      XLXN_12 rising
  Destination Clock: XLXN_12 rising

  Data Path: XLXI_5/XLXI_4/Q1 to XLXI_5/XLXI_4/Q0
                                Gate     Net
    Cell:in->out      fanout   Delay   Delay  Logical Name (Net Name)
    ----------------------------------------  ------------
     FDCE:C->Q             9   0.447   0.934  Q1 (Q1)
     LUT2:I0->O            2   0.203   0.616  TC1 (TC)
     end scope: 'XLXI_5/XLXI_4:TC'
     begin scope: 'XLXI_5/XLXI_4:CLR'
     FDCE:CLR                  0.430          Q0
    ----------------------------------------
    Total                      2.630ns (1.080ns logic, 1.550ns route)
                                       (41.1% logic, 58.9% route)

=========================================================================
Timing constraint: Default OFFSET OUT AFTER for Clock 'XLXN_12'
  Total number of paths / destination ports: 168 / 10
-------------------------------------------------------------------------
Offset:              8.906ns (Levels of Logic = 7)
  Source:            XLXI_5/XLXI_4/Q1 (FF)
  Destination:       e_P32 (PAD)
  Source Clock:      XLXN_12 rising

  Data Path: XLXI_5/XLXI_4/Q1 to e_P32
                                Gate     Net
    Cell:in->out      fanout   Delay   Delay  Logical Name (Net Name)
    ----------------------------------------  ------------
     FDCE:C->Q             9   0.447   1.174  Q1 (Q1)
     end scope: 'XLXI_5/XLXI_4:Q1'
     begin scope: 'XLXI_5/XLXI_11/XLXI_1:S1'
     LUT5:I0->O           19   0.203   1.071  Mmux_O11 (O)
     end scope: 'XLXI_5/XLXI_11/XLXI_1:O'
     INV:I->O              1   0.568   0.944  XLXI_5/XLXI_1/XLXI_64 (XLXI_5/XLXI_1/XLXN_53)
     AND2:I0->O            1   0.203   0.808  XLXI_5/XLXI_1/XLXI_12 (XLXI_5/XLXI_1/XLXN_55)
     OR4:I3->O             1   0.339   0.579  XLXI_5/XLXI_1/XLXI_103 (e_P32_OBUF)
     OBUF:I->O                 2.571          e_P32_OBUF (e_P32)
    ----------------------------------------
    Total                      8.906ns (4.331ns logic, 4.575ns route)
                                       (48.6% logic, 51.4% route)

=========================================================================
Timing constraint: Default path analysis
  Total number of paths / destination ports: 3364 / 8
-------------------------------------------------------------------------
Delay:               28.922ns (Levels of Logic = 24)
  Source:            B<0> (PAD)
  Destination:       e_P32 (PAD)

  Data Path: B<0> to e_P32
                                Gate     Net
    Cell:in->out      fanout   Delay   Delay  Logical Name (Net Name)
    ----------------------------------------  ------------
     IBUF:I->O             2   1.222   0.981  B_0_IBUF (B_0_IBUF)
     XOR2:I0->O            2   0.203   0.981  XLXI_1/XLXI_10/XLXI_1 (XLXI_1/XLXI_10/XLXN_8)
     AND2:I0->O            1   0.203   0.924  XLXI_1/XLXI_10/XLXI_3 (XLXI_1/XLXI_10/XLXN_9)
     OR2:I1->O             2   0.223   0.961  XLXI_1/XLXI_10/XLXI_5 (XLXI_1/XLXN_22)
     AND2:I1->O            1   0.223   0.924  XLXI_1/XLXI_3/XLXI_3 (XLXI_1/XLXI_3/XLXN_9)
     OR2:I1->O             2   0.223   0.961  XLXI_1/XLXI_3/XLXI_5 (XLXI_1/XLXN_23)
     AND2:I1->O            1   0.223   0.924  XLXI_1/XLXI_4/XLXI_3 (XLXI_1/XLXI_4/XLXN_9)
     OR2:I1->O             2   0.223   0.961  XLXI_1/XLXI_4/XLXI_5 (XLXI_1/XLXN_24)
     AND2:I1->O            1   0.223   0.924  XLXI_1/XLXI_5/XLXI_3 (XLXI_1/XLXI_5/XLXN_9)
     OR2:I1->O             2   0.223   0.961  XLXI_1/XLXI_5/XLXI_5 (XLXI_1/XLXN_26)
     AND2:I1->O            1   0.223   0.924  XLXI_1/XLXI_6/XLXI_3 (XLXI_1/XLXI_6/XLXN_9)
     OR2:I1->O             2   0.223   0.961  XLXI_1/XLXI_6/XLXI_5 (XLXI_1/XLXN_27)
     AND2:I1->O            1   0.223   0.924  XLXI_1/XLXI_7/XLXI_3 (XLXI_1/XLXI_7/XLXN_9)
     OR2:I1->O             2   0.223   0.961  XLXI_1/XLXI_7/XLXI_5 (XLXI_1/XLXN_28)
     AND2:I1->O            1   0.223   0.924  XLXI_1/XLXI_8/XLXI_3 (XLXI_1/XLXI_8/XLXN_9)
     OR2:I1->O             2   0.223   0.961  XLXI_1/XLXI_8/XLXI_5 (XLXI_1/XLXN_29)
     AND2:I1->O            1   0.223   0.924  XLXI_1/XLXI_9/XLXI_3 (XLXI_1/XLXI_9/XLXN_9)
     OR2:I1->O             1   0.223   0.580  XLXI_1/XLXI_9/XLXI_5 (XLXN_5<0>)
     begin scope: 'XLXI_5/XLXI_11/XLXI_1:D2'
     LUT5:I4->O           19   0.205   1.071  Mmux_O11 (O)
     end scope: 'XLXI_5/XLXI_11/XLXI_1:O'
     INV:I->O              1   0.568   0.944  XLXI_5/XLXI_1/XLXI_64 (XLXI_5/XLXI_1/XLXN_53)
     AND2:I0->O            1   0.203   0.808  XLXI_5/XLXI_1/XLXI_12 (XLXI_5/XLXI_1/XLXN_55)
     OR4:I3->O             1   0.339   0.579  XLXI_5/XLXI_1/XLXI_103 (e_P32_OBUF)
     OBUF:I->O                 2.571          e_P32_OBUF (e_P32)
    ----------------------------------------
    Total                     28.922ns (8.859ns logic, 20.063ns route)
                                       (30.6% logic, 69.4% route)

=========================================================================

Cross Clock Domains Report:
--------------------------

Clock to Setup on destination clock CLK
---------------+---------+---------+---------+---------+
               | Src:Rise| Src:Fall| Src:Rise| Src:Fall|
Source Clock   |Dest:Rise|Dest:Rise|Dest:Fall|Dest:Fall|
---------------+---------+---------+---------+---------+
CLK            |    2.929|         |         |         |
---------------+---------+---------+---------+---------+

Clock to Setup on destination clock XLXI_4/XLXN_1
---------------+---------+---------+---------+---------+
               | Src:Rise| Src:Fall| Src:Rise| Src:Fall|
Source Clock   |Dest:Rise|Dest:Rise|Dest:Fall|Dest:Fall|
---------------+---------+---------+---------+---------+
XLXI_4/XLXN_1  |    2.929|         |         |         |
---------------+---------+---------+---------+---------+

Clock to Setup on destination clock XLXI_4/XLXN_2
---------------+---------+---------+---------+---------+
               | Src:Rise| Src:Fall| Src:Rise| Src:Fall|
Source Clock   |Dest:Rise|Dest:Rise|Dest:Fall|Dest:Fall|
---------------+---------+---------+---------+---------+
XLXI_4/XLXN_2  |    2.929|         |         |         |
---------------+---------+---------+---------+---------+

Clock to Setup on destination clock XLXI_4/XLXN_3
---------------+---------+---------+---------+---------+
               | Src:Rise| Src:Fall| Src:Rise| Src:Fall|
Source Clock   |Dest:Rise|Dest:Rise|Dest:Fall|Dest:Fall|
---------------+---------+---------+---------+---------+
XLXI_4/XLXN_3  |    2.929|         |         |         |
---------------+---------+---------+---------+---------+

Clock to Setup on destination clock XLXI_4/XLXN_4
---------------+---------+---------+---------+---------+
               | Src:Rise| Src:Fall| Src:Rise| Src:Fall|
Source Clock   |Dest:Rise|Dest:Rise|Dest:Fall|Dest:Fall|
---------------+---------+---------+---------+---------+
XLXI_4/XLXN_4  |    2.871|         |         |         |
---------------+---------+---------+---------+---------+

Clock to Setup on destination clock XLXN_12
---------------+---------+---------+---------+---------+
               | Src:Rise| Src:Fall| Src:Rise| Src:Fall|
Source Clock   |Dest:Rise|Dest:Rise|Dest:Fall|Dest:Fall|
---------------+---------+---------+---------+---------+
XLXN_12        |    2.630|         |         |         |
---------------+---------+---------+---------+---------+

=========================================================================


Total REAL time to Xst completion: 6.00 secs
Total CPU time to Xst completion: 6.83 secs
 
--> 

Total memory usage is 4485860 kilobytes

Number of errors   :    0 (   0 filtered)
Number of warnings :    1 (   0 filtered)
Number of infos    :    3 (   0 filtered)

