Release 14.7 - xst P.20131013 (nt64)
Copyright (c) 1995-2013 Xilinx, Inc.  All rights reserved.
--> Parameter TMPDIR set to xst/projnav.tmp


Total REAL time to Xst completion: 0.00 secs
Total CPU time to Xst completion: 0.17 secs
 
--> Parameter xsthdpdir set to xst


Total REAL time to Xst completion: 0.00 secs
Total CPU time to Xst completion: 0.17 secs
 
--> Reading design: div100k.prj

TABLE OF CONTENTS
  1) Synthesis Options Summary
  2) HDL Parsing
  3) HDL Elaboration
  4) HDL Synthesis
       4.1) HDL Synthesis Report
  5) Advanced HDL Synthesis
       5.1) Advanced HDL Synthesis Report
  6) Low Level Synthesis
  7) Partition Report
  8) Design Summary
       8.1) Primitive and Black Box Usage
       8.2) Device utilization summary
       8.3) Partition Resource Summary
       8.4) Timing Report
            8.4.1) Clock Information
            8.4.2) Asynchronous Control Signals Information
            8.4.3) Timing Summary
            8.4.4) Timing Details
            8.4.5) Cross Clock Domains Report


=========================================================================
*                      Synthesis Options Summary                        *
=========================================================================
---- Source Parameters
Input File Name                    : "div100k.prj"
Ignore Synthesis Constraint File   : NO

---- Target Parameters
Output File Name                   : "div100k"
Output Format                      : NGC
Target Device                      : xc6slx9-3-tqg144

---- Source Options
Top Module Name                    : div100k
Automatic FSM Extraction           : YES
FSM Encoding Algorithm             : Auto
Safe Implementation                : No
FSM Style                          : LUT
RAM Extraction                     : Yes
RAM Style                          : Auto
ROM Extraction                     : Yes
Shift Register Extraction          : YES
ROM Style                          : Auto
Resource Sharing                   : YES
Asynchronous To Synchronous        : NO
Shift Register Minimum Size        : 2
Use DSP Block                      : Auto
Automatic Register Balancing       : No

---- Target Options
LUT Combining                      : Auto
Reduce Control Sets                : Auto
Add IO Buffers                     : YES
Global Maximum Fanout              : 100000
Add Generic Clock Buffer(BUFG)     : 16
Register Duplication               : YES
Optimize Instantiated Primitives   : NO
Use Clock Enable                   : Auto
Use Synchronous Set                : Auto
Use Synchronous Reset              : Auto
Pack IO Registers into IOBs        : Auto
Equivalent register Removal        : YES

---- General Options
Optimization Goal                  : Speed
Optimization Effort                : 1
Power Reduction                    : NO
Keep Hierarchy                     : No
Netlist Hierarchy                  : As_Optimized
RTL Output                         : Yes
Global Optimization                : AllClockNets
Read Cores                         : YES
Write Timing Constraints           : NO
Cross Clock Analysis               : NO
Hierarchy Separator                : /
Bus Delimiter                      : <>
Case Specifier                     : Maintain
Slice Utilization Ratio            : 100
BRAM Utilization Ratio             : 100
DSP48 Utilization Ratio            : 100
Auto BRAM Packing                  : NO
Slice Utilization Ratio Delta      : 5

=========================================================================


=========================================================================
*                          HDL Parsing                                  *
=========================================================================
Analyzing Verilog file "D:\DigitalSystem\module\div100k\mode10.vf" into library work
Parsing module <FJKC_HXILINX_mode10>.
Parsing module <mode10>.
Analyzing Verilog file "D:\DigitalSystem\module\div100k\div100k.vf" into library work
Parsing module <div100k>.

=========================================================================
*                            HDL Elaboration                            *
=========================================================================

Elaborating module <div100k>.

Elaborating module <mode10>.

Elaborating module <FJKC_HXILINX_mode10>.

Elaborating module <AND2>.

Elaborating module <VCC>.

Elaborating module <AND3>.

=========================================================================
*                           HDL Synthesis                               *
=========================================================================

Synthesizing Unit <div100k>.
    Related source file is "D:\DigitalSystem\module\div100k\div100k.vf".
    Summary:
	no macro.
Unit <div100k> synthesized.

Synthesizing Unit <mode10>.
    Related source file is "D:\DigitalSystem\module\div100k\mode10.vf".
    Set property "HU_SET = XLXI_2_0" for instance <XLXI_2>.
    Set property "HU_SET = XLXI_3_1" for instance <XLXI_3>.
    Set property "HU_SET = XLXI_4_2" for instance <XLXI_4>.
    Set property "HU_SET = XLXI_5_3" for instance <XLXI_5>.
    Summary:
	no macro.
Unit <mode10> synthesized.

Synthesizing Unit <FJKC_HXILINX_mode10>.
    Related source file is "D:\DigitalSystem\module\div100k\mode10.vf".
        INIT = 1'b0
    Found 1-bit register for signal <Q>.
    Summary:
	inferred   1 D-type flip-flop(s).
	inferred   2 Multiplexer(s).
Unit <FJKC_HXILINX_mode10> synthesized.

=========================================================================
HDL Synthesis Report

Macro Statistics
# Registers                                            : 20
 1-bit register                                        : 20
# Multiplexers                                         : 40
 1-bit 2-to-1 multiplexer                              : 40

=========================================================================

=========================================================================
*                       Advanced HDL Synthesis                          *
=========================================================================


=========================================================================
Advanced HDL Synthesis Report

Macro Statistics
# Registers                                            : 20
 Flip-Flops                                            : 20
# Multiplexers                                         : 40
 1-bit 2-to-1 multiplexer                              : 40

=========================================================================

=========================================================================
*                         Low Level Synthesis                           *
=========================================================================

Optimizing unit <div100k> ...

Optimizing unit <FJKC_HXILINX_mode10> ...

Mapping all equations...
Building and optimizing final netlist ...
Found area constraint ratio of 100 (+ 5) on block div100k, actual ratio is 0.

Final Macro Processing ...

=========================================================================
Final Register Report

Macro Statistics
# Registers                                            : 20
 Flip-Flops                                            : 20

=========================================================================

=========================================================================
*                           Partition Report                            *
=========================================================================

Partition Implementation Status
-------------------------------

  No Partitions were found in this design.

-------------------------------

=========================================================================
*                            Design Summary                             *
=========================================================================

Top Level Output File Name         : div100k.ngc

Primitive and Black Box Usage:
------------------------------
# BELS                             : 40
#      AND2                        : 10
#      AND3                        : 5
#      INV                         : 5
#      LUT2                        : 5
#      LUT3                        : 15
# FlipFlops/Latches                : 20
#      FDC                         : 15
#      FDCE                        : 5
# Clock Buffers                    : 1
#      BUFGP                       : 1
# IO Buffers                       : 1
#      OBUF                        : 1

Device utilization summary:
---------------------------

Selected Device : 6slx9tqg144-3 


Slice Logic Utilization: 
 Number of Slice Registers:              20  out of  11440     0%  
 Number of Slice LUTs:                   25  out of   5720     0%  
    Number used as Logic:                25  out of   5720     0%  

Slice Logic Distribution: 
 Number of LUT Flip Flop pairs used:     45
   Number with an unused Flip Flop:      25  out of     45    55%  
   Number with an unused LUT:            20  out of     45    44%  
   Number of fully used LUT-FF pairs:     0  out of     45     0%  
   Number of unique control sets:        20

IO Utilization: 
 Number of IOs:                           2
 Number of bonded IOBs:                   2  out of    102     1%  

Specific Feature Utilization:
 Number of BUFG/BUFGCTRLs:                1  out of     16     6%  

---------------------------
Partition Resource Summary:
---------------------------

  No Partitions were found in this design.

---------------------------


=========================================================================
Timing Report

NOTE: THESE TIMING NUMBERS ARE ONLY A SYNTHESIS ESTIMATE.
      FOR ACCURATE TIMING INFORMATION PLEASE REFER TO THE TRACE REPORT
      GENERATED AFTER PLACE-and-ROUTE.

Clock Information:
------------------
-----------------------------------+-------------------------+-------+
Clock Signal                       | Clock buffer(FF name)   | Load  |
-----------------------------------+-------------------------+-------+
IP                                 | BUFGP                   | 4     |
XLXN_1(XLXI_1/XLXI_10:O)           | NONE(*)(XLXI_2/XLXI_5/Q)| 4     |
XLXN_2(XLXI_2/XLXI_10:O)           | NONE(*)(XLXI_3/XLXI_5/Q)| 4     |
XLXN_3(XLXI_3/XLXI_10:O)           | NONE(*)(XLXI_4/XLXI_5/Q)| 4     |
XLXN_4(XLXI_4/XLXI_10:O)           | NONE(*)(XLXI_5/XLXI_5/Q)| 4     |
-----------------------------------+-------------------------+-------+
(*) These 4 clock signal(s) are generated by combinatorial logic,
and XST is not able to identify which are the primary clock signals.
Please use the CLOCK_SIGNAL constraint to specify the clock signal(s) generated by combinatorial logic.
INFO:Xst:2169 - HDL ADVISOR - Some clock signals were not automatically buffered by XST with BUFG/BUFR resources. Please use the buffer_type constraint in order to insert these buffers to the clock signals to help prevent skew problems.

Asynchronous Control Signals Information:
----------------------------------------
No asynchronous control signals found in this design

Timing Summary:
---------------
Speed Grade: -3

   Minimum period: 2.929ns (Maximum Frequency: 341.402MHz)
   Minimum input arrival time before clock: No path found
   Maximum output required time after clock: 4.983ns
   Maximum combinational path delay: No path found

Timing Details:
---------------
All values displayed in nanoseconds (ns)

=========================================================================
Timing constraint: Default period analysis for Clock 'IP'
  Clock period: 2.929ns (frequency: 341.402MHz)
  Total number of paths / destination ports: 26 / 9
-------------------------------------------------------------------------
Delay:               2.929ns (Levels of Logic = 2)
  Source:            XLXI_1/XLXI_3/Q (FF)
  Destination:       XLXI_1/XLXI_5/Q (FF)
  Source Clock:      IP rising
  Destination Clock: IP rising

  Data Path: XLXI_1/XLXI_3/Q to XLXI_1/XLXI_5/Q
                                Gate     Net
    Cell:in->out      fanout   Delay   Delay  Logical Name (Net Name)
    ----------------------------------------  ------------
     FDCE:C->Q             4   0.447   1.048  Q (Q)
     end scope: 'XLXI_1/XLXI_3:Q'
     AND2:I0->O            8   0.203   0.802  XLXI_1/XLXI_10 (XLXN_1)
     begin scope: 'XLXI_1/XLXI_5:CLR'
     FDC:CLR                   0.430          Q
    ----------------------------------------
    Total                      2.929ns (1.080ns logic, 1.849ns route)
                                       (36.9% logic, 63.1% route)

=========================================================================
Timing constraint: Default period analysis for Clock 'XLXN_1'
  Clock period: 2.929ns (frequency: 341.402MHz)
  Total number of paths / destination ports: 26 / 9
-------------------------------------------------------------------------
Delay:               2.929ns (Levels of Logic = 2)
  Source:            XLXI_2/XLXI_3/Q (FF)
  Destination:       XLXI_2/XLXI_5/Q (FF)
  Source Clock:      XLXN_1 rising
  Destination Clock: XLXN_1 rising

  Data Path: XLXI_2/XLXI_3/Q to XLXI_2/XLXI_5/Q
                                Gate     Net
    Cell:in->out      fanout   Delay   Delay  Logical Name (Net Name)
    ----------------------------------------  ------------
     FDCE:C->Q             4   0.447   1.048  Q (Q)
     end scope: 'XLXI_2/XLXI_3:Q'
     AND2:I0->O            8   0.203   0.802  XLXI_2/XLXI_10 (XLXN_2)
     begin scope: 'XLXI_2/XLXI_5:CLR'
     FDC:CLR                   0.430          Q
    ----------------------------------------
    Total                      2.929ns (1.080ns logic, 1.849ns route)
                                       (36.9% logic, 63.1% route)

=========================================================================
Timing constraint: Default period analysis for Clock 'XLXN_2'
  Clock period: 2.929ns (frequency: 341.402MHz)
  Total number of paths / destination ports: 26 / 9
-------------------------------------------------------------------------
Delay:               2.929ns (Levels of Logic = 2)
  Source:            XLXI_3/XLXI_3/Q (FF)
  Destination:       XLXI_3/XLXI_5/Q (FF)
  Source Clock:      XLXN_2 rising
  Destination Clock: XLXN_2 rising

  Data Path: XLXI_3/XLXI_3/Q to XLXI_3/XLXI_5/Q
                                Gate     Net
    Cell:in->out      fanout   Delay   Delay  Logical Name (Net Name)
    ----------------------------------------  ------------
     FDCE:C->Q             4   0.447   1.048  Q (Q)
     end scope: 'XLXI_3/XLXI_3:Q'
     AND2:I0->O            8   0.203   0.802  XLXI_3/XLXI_10 (XLXN_3)
     begin scope: 'XLXI_3/XLXI_5:CLR'
     FDC:CLR                   0.430          Q
    ----------------------------------------
    Total                      2.929ns (1.080ns logic, 1.849ns route)
                                       (36.9% logic, 63.1% route)

=========================================================================
Timing constraint: Default period analysis for Clock 'XLXN_3'
  Clock period: 2.929ns (frequency: 341.402MHz)
  Total number of paths / destination ports: 26 / 9
-------------------------------------------------------------------------
Delay:               2.929ns (Levels of Logic = 2)
  Source:            XLXI_4/XLXI_3/Q (FF)
  Destination:       XLXI_4/XLXI_5/Q (FF)
  Source Clock:      XLXN_3 rising
  Destination Clock: XLXN_3 rising

  Data Path: XLXI_4/XLXI_3/Q to XLXI_4/XLXI_5/Q
                                Gate     Net
    Cell:in->out      fanout   Delay   Delay  Logical Name (Net Name)
    ----------------------------------------  ------------
     FDCE:C->Q             4   0.447   1.048  Q (Q)
     end scope: 'XLXI_4/XLXI_3:Q'
     AND2:I0->O            8   0.203   0.802  XLXI_4/XLXI_10 (XLXN_4)
     begin scope: 'XLXI_4/XLXI_5:CLR'
     FDC:CLR                   0.430          Q
    ----------------------------------------
    Total                      2.929ns (1.080ns logic, 1.849ns route)
                                       (36.9% logic, 63.1% route)

=========================================================================
Timing constraint: Default period analysis for Clock 'XLXN_4'
  Clock period: 2.842ns (frequency: 351.921MHz)
  Total number of paths / destination ports: 26 / 9
-------------------------------------------------------------------------
Delay:               2.842ns (Levels of Logic = 2)
  Source:            XLXI_5/XLXI_3/Q (FF)
  Destination:       XLXI_5/XLXI_5/Q (FF)
  Source Clock:      XLXN_4 rising
  Destination Clock: XLXN_4 rising

  Data Path: XLXI_5/XLXI_3/Q to XLXI_5/XLXI_5/Q
                                Gate     Net
    Cell:in->out      fanout   Delay   Delay  Logical Name (Net Name)
    ----------------------------------------  ------------
     FDCE:C->Q             4   0.447   1.048  Q (Q)
     end scope: 'XLXI_5/XLXI_3:Q'
     AND2:I0->O            5   0.203   0.714  XLXI_5/XLXI_10 (OP_OBUF)
     begin scope: 'XLXI_5/XLXI_5:CLR'
     FDC:CLR                   0.430          Q
    ----------------------------------------
    Total                      2.842ns (1.080ns logic, 1.762ns route)
                                       (38.0% logic, 62.0% route)

=========================================================================
Timing constraint: Default OFFSET OUT AFTER for Clock 'XLXN_4'
  Total number of paths / destination ports: 2 / 1
-------------------------------------------------------------------------
Offset:              4.983ns (Levels of Logic = 3)
  Source:            XLXI_5/XLXI_3/Q (FF)
  Destination:       OP (PAD)
  Source Clock:      XLXN_4 rising

  Data Path: XLXI_5/XLXI_3/Q to OP
                                Gate     Net
    Cell:in->out      fanout   Delay   Delay  Logical Name (Net Name)
    ----------------------------------------  ------------
     FDCE:C->Q             4   0.447   1.048  Q (Q)
     end scope: 'XLXI_5/XLXI_3:Q'
     AND2:I0->O            5   0.203   0.714  XLXI_5/XLXI_10 (OP_OBUF)
     OBUF:I->O                 2.571          OP_OBUF (OP)
    ----------------------------------------
    Total                      4.983ns (3.221ns logic, 1.762ns route)
                                       (64.6% logic, 35.4% route)

=========================================================================

Cross Clock Domains Report:
--------------------------

Clock to Setup on destination clock IP
---------------+---------+---------+---------+---------+
               | Src:Rise| Src:Fall| Src:Rise| Src:Fall|
Source Clock   |Dest:Rise|Dest:Rise|Dest:Fall|Dest:Fall|
---------------+---------+---------+---------+---------+
IP             |    2.929|         |         |         |
---------------+---------+---------+---------+---------+

Clock to Setup on destination clock XLXN_1
---------------+---------+---------+---------+---------+
               | Src:Rise| Src:Fall| Src:Rise| Src:Fall|
Source Clock   |Dest:Rise|Dest:Rise|Dest:Fall|Dest:Fall|
---------------+---------+---------+---------+---------+
XLXN_1         |    2.929|         |         |         |
---------------+---------+---------+---------+---------+

Clock to Setup on destination clock XLXN_2
---------------+---------+---------+---------+---------+
               | Src:Rise| Src:Fall| Src:Rise| Src:Fall|
Source Clock   |Dest:Rise|Dest:Rise|Dest:Fall|Dest:Fall|
---------------+---------+---------+---------+---------+
XLXN_2         |    2.929|         |         |         |
---------------+---------+---------+---------+---------+

Clock to Setup on destination clock XLXN_3
---------------+---------+---------+---------+---------+
               | Src:Rise| Src:Fall| Src:Rise| Src:Fall|
Source Clock   |Dest:Rise|Dest:Rise|Dest:Fall|Dest:Fall|
---------------+---------+---------+---------+---------+
XLXN_3         |    2.929|         |         |         |
---------------+---------+---------+---------+---------+

Clock to Setup on destination clock XLXN_4
---------------+---------+---------+---------+---------+
               | Src:Rise| Src:Fall| Src:Rise| Src:Fall|
Source Clock   |Dest:Rise|Dest:Rise|Dest:Fall|Dest:Fall|
---------------+---------+---------+---------+---------+
XLXN_4         |    2.842|         |         |         |
---------------+---------+---------+---------+---------+

=========================================================================


Total REAL time to Xst completion: 6.00 secs
Total CPU time to Xst completion: 6.45 secs
 
--> 

Total memory usage is 4485796 kilobytes

Number of errors   :    0 (   0 filtered)
Number of warnings :    0 (   0 filtered)
Number of infos    :    1 (   0 filtered)

