
****** PlanAhead v14.7
  **** Build 321239 by xbuild on Fri Sep 27 19:31:35 MDT 2013
    ** Copyright 1986-1999, 2001-2013 Xilinx, Inc. All Rights Reserved.

INFO: [Common 17-78] Attempting to get a license: PlanAhead
INFO: [Common 17-290] Got license for PlanAhead
INFO: [Device 21-36] Loading parts and site information from C:/Xilinx/14.7/ISE_DS/PlanAhead/data/parts/arch.xml
Parsing RTL primitives file [C:/Xilinx/14.7/ISE_DS/PlanAhead/data/parts/xilinx/rtl/prims/rtl_prims.xml]
Finished parsing RTL primitives file [C:/Xilinx/14.7/ISE_DS/PlanAhead/data/parts/xilinx/rtl/prims/rtl_prims.xml]
start_gui
source D:/DigitalSystem/Lab/Lab8/pa.fromHdl.tcl
# create_project -name Lab8 -dir "D:/DigitalSystem/Lab/Lab8/planAhead_run_1" -part xc6slx9tqg144-3
# set_param project.pinAheadLayout yes
# set srcset [get_property srcset [current_run -impl]]
# set_property target_constrs_file "Lab8.ucf" [current_fileset -constrset]
Adding file 'D:/DigitalSystem/Lab/Lab8/Lab8.ucf' to fileset 'constrs_1'
# set hdlfile [add_files [list {mode10.vf}]]
# set_property file_type Verilog $hdlfile
# set_property library work $hdlfile
# set hdlfile [add_files [list {FullAdder.vf}]]
# set_property file_type Verilog $hdlfile
# set_property library work $hdlfile
# set hdlfile [add_files [list {BCHextoSegment.vf}]]
# set_property file_type Verilog $hdlfile
# set_property library work $hdlfile
# set hdlfile [add_files [list {MUX12_4.vf}]]
# set_property file_type Verilog $hdlfile
# set_property library work $hdlfile
# set hdlfile [add_files [list {Decoder1_3.vf}]]
# set_property file_type Verilog $hdlfile
# set_property library work $hdlfile
# set hdlfile [add_files [list {div100k.vf}]]
# set_property file_type Verilog $hdlfile
# set_property library work $hdlfile
# set hdlfile [add_files [list {FullAdder8bit.vf}]]
# set_property file_type Verilog $hdlfile
# set_property library work $hdlfile
# set hdlfile [add_files [list {Display.vf}]]
# set_property file_type Verilog $hdlfile
# set_property library work $hdlfile
# set hdlfile [add_files [list {Lab8.vf}]]
# set_property file_type Verilog $hdlfile
# set_property library work $hdlfile
# set_property top Lab8 $srcset
# add_files [list {Lab8.ucf}] -fileset [get_property constrset [current_run]]
# open_rtl_design -part xc6slx9tqg144-3
Using Verific elaboration
Parsing VHDL file "C:/Xilinx/14.7/ISE_DS/PlanAhead/data/parts/xilinx/rtl/lib/synplify/synattr.vhd" into library synplify
Analyzing Verilog file "D:/DigitalSystem/Lab/Lab8/mode10.vf" into library work
Analyzing Verilog file "D:/DigitalSystem/Lab/Lab8/FullAdder.vf" into library work
Analyzing Verilog file "D:/DigitalSystem/Lab/Lab8/div100k.vf" into library work
Analyzing Verilog file "D:/DigitalSystem/Lab/Lab8/BCHextoSegment.vf" into library work
Analyzing Verilog file "D:/DigitalSystem/Lab/Lab8/Lab8.vf" into library work
Loading clock regions from C:/Xilinx/14.7/ISE_DS/PlanAhead/data\parts/xilinx/spartan6/spartan6lx/xc6slx9/ClockRegion.xml
Loading clock buffers from C:/Xilinx/14.7/ISE_DS/PlanAhead/data\parts/xilinx/spartan6/spartan6lx/xc6slx9/ClockBuffers.xml
Loading package pin functions from C:/Xilinx/14.7/ISE_DS/PlanAhead/data\parts/xilinx/spartan6/PinFunctions.xml...
Loading package from C:/Xilinx/14.7/ISE_DS/PlanAhead/data\parts/xilinx/spartan6/spartan6lx/xc6slx9/tqg144/Package.xml
Loading io standards from C:/Xilinx/14.7/ISE_DS/PlanAhead/data\./parts/xilinx/spartan6/IOStandards.xml
Loading device configuration modes from C:/Xilinx/14.7/ISE_DS/PlanAhead/data\parts/xilinx/spartan6/ConfigModes.xml
Loading list of drcs for the architecture : C:/Xilinx/14.7/ISE_DS/PlanAhead/data\./parts/xilinx/spartan6/drc.xml
Parsing UCF File [D:/DigitalSystem/Lab/Lab8/Lab8.ucf]
Finished Parsing UCF File [D:/DigitalSystem/Lab/Lab8/Lab8.ucf]
INFO: [Project 1-111] Unisim Transformation Summary:
No Unisim elements were transformed.

Phase 0 | Netlist Checksum: 5caa0565
open_rtl_design: Time (s): elapsed = 00:00:11 . Memory (MB): peak = 562.328 ; gain = 107.652
update_compile_order -fileset sim_1
startgroup
set_property package_pin P41 [get_ports a_P41]
endgroup
startgroup
set_property package_pin P40 [get_ports b_P40]
endgroup
startgroup
set_property package_pin P35 [get_ports c_P35]
endgroup
set_property package_pin "" [get_ports [list  Common3]]
startgroup
set_property package_pin P123 [get_ports CLK]
endgroup
startgroup
set_property package_pin P30 [get_ports Common3]
endgroup
set_property package_pin "" [get_ports [list  e_P32]]
startgroup
set_property package_pin P34 [get_ports d_P34]
endgroup
startgroup
set_property package_pin P32 [get_ports e_P32]
endgroup
startgroup
set_property package_pin P29 [get_ports f_P29]
endgroup
startgroup
set_property package_pin P27 [get_ports g_P27]
endgroup
startgroup
set_property package_pin P33 [get_ports {Common[2]}]
endgroup
startgroup
set_property package_pin P43 [get_ports {Common[1]}]
endgroup
startgroup
set_property package_pin P44 [get_ports {Common[0]}]
endgroup
set_property package_pin "" [get_ports [list  {A[7]}]]
startgroup
set_property package_pin P66 [get_ports {A[0]}]
endgroup
startgroup
set_property package_pin P62 [get_ports {A[1]}]
endgroup
startgroup
set_property package_pin P62 [get_ports {A[1]}]
endgroup
startgroup
set_property package_pin P61 [get_ports {A[2]}]
endgroup
startgroup
set_property package_pin P59 [get_ports {A[3]}]
endgroup
startgroup
set_property package_pin P58 [get_ports {A[4]}]
endgroup
startgroup
set_property package_pin P57 [get_ports {A[5]}]
endgroup
startgroup
set_property package_pin P56 [get_ports {A[6]}]
endgroup
startgroup
set_property package_pin P55 [get_ports {A[7]}]
endgroup
set_property package_pin "" [get_ports [list  {B[7]}]]
startgroup
set_property package_pin P99 [get_ports {B[0]}]
endgroup
startgroup
set_property package_pin P100 [get_ports {B[1]}]
endgroup
startgroup
set_property package_pin P101 [get_ports {B[2]}]
endgroup
startgroup
set_property package_pin P102 [get_ports {B[3]}]
endgroup
startgroup
set_property package_pin P104 [get_ports {B[4]}]
endgroup
set_property package_pin "" [get_ports [list  {B[5]}]]
startgroup
set_property package_pin P105 [get_ports {B[5]}]
endgroup
startgroup
set_property package_pin P111 [get_ports {B[6]}]
endgroup
startgroup
set_property package_pin P112 [get_ports {B[7]}]
endgroup
save_constraints
exit
ERROR: [Common 17-39] 'stop_gui' failed due to earlier errors.
INFO: [Common 17-206] Exiting PlanAhead at Wed Oct 19 03:01:24 2022...
INFO: [Common 17-83] Releasing license: PlanAhead
