Release 14.7 - xst P.20131013 (nt64)
Copyright (c) 1995-2013 Xilinx, Inc.  All rights reserved.
--> Parameter TMPDIR set to xst/projnav.tmp


Total REAL time to Xst completion: 0.00 secs
Total CPU time to Xst completion: 0.16 secs
 
--> Parameter xsthdpdir set to xst


Total REAL time to Xst completion: 0.00 secs
Total CPU time to Xst completion: 0.16 secs
 
--> Reading design: counter00_99.prj

TABLE OF CONTENTS
  1) Synthesis Options Summary
  2) HDL Parsing
  3) HDL Elaboration
  4) HDL Synthesis
       4.1) HDL Synthesis Report
  5) Advanced HDL Synthesis
       5.1) Advanced HDL Synthesis Report
  6) Low Level Synthesis
  7) Partition Report
  8) Design Summary
       8.1) Primitive and Black Box Usage
       8.2) Device utilization summary
       8.3) Partition Resource Summary
       8.4) Timing Report
            8.4.1) Clock Information
            8.4.2) Asynchronous Control Signals Information
            8.4.3) Timing Summary
            8.4.4) Timing Details
            8.4.5) Cross Clock Domains Report


=========================================================================
*                      Synthesis Options Summary                        *
=========================================================================
---- Source Parameters
Input File Name                    : "counter00_99.prj"
Ignore Synthesis Constraint File   : NO

---- Target Parameters
Output File Name                   : "counter00_99"
Output Format                      : NGC
Target Device                      : xc6slx9-3-tqg144

---- Source Options
Top Module Name                    : counter00_99
Automatic FSM Extraction           : YES
FSM Encoding Algorithm             : Auto
Safe Implementation                : No
FSM Style                          : LUT
RAM Extraction                     : Yes
RAM Style                          : Auto
ROM Extraction                     : Yes
Shift Register Extraction          : YES
ROM Style                          : Auto
Resource Sharing                   : YES
Asynchronous To Synchronous        : NO
Shift Register Minimum Size        : 2
Use DSP Block                      : Auto
Automatic Register Balancing       : No

---- Target Options
LUT Combining                      : Auto
Reduce Control Sets                : Auto
Add IO Buffers                     : YES
Global Maximum Fanout              : 100000
Add Generic Clock Buffer(BUFG)     : 16
Register Duplication               : YES
Optimize Instantiated Primitives   : NO
Use Clock Enable                   : Auto
Use Synchronous Set                : Auto
Use Synchronous Reset              : Auto
Pack IO Registers into IOBs        : Auto
Equivalent register Removal        : YES

---- General Options
Optimization Goal                  : Speed
Optimization Effort                : 1
Power Reduction                    : NO
Keep Hierarchy                     : No
Netlist Hierarchy                  : As_Optimized
RTL Output                         : Yes
Global Optimization                : AllClockNets
Read Cores                         : YES
Write Timing Constraints           : NO
Cross Clock Analysis               : NO
Hierarchy Separator                : /
Bus Delimiter                      : <>
Case Specifier                     : Maintain
Slice Utilization Ratio            : 100
BRAM Utilization Ratio             : 100
DSP48 Utilization Ratio            : 100
Auto BRAM Packing                  : NO
Slice Utilization Ratio Delta      : 5

=========================================================================


=========================================================================
*                          HDL Parsing                                  *
=========================================================================
Analyzing Verilog file "D:\DigitalSystem\module\counte00_99\counter00_99.vf" into library work
Parsing module <CB4CE_HXILINX_counter00_99>.
Parsing module <counter00_99>.

=========================================================================
*                            HDL Elaboration                            *
=========================================================================

Elaborating module <counter00_99>.

Elaborating module <AND4>.

Elaborating module <INV>.

Elaborating module <CB4CE_HXILINX_counter00_99>.
WARNING:HDLCompiler:413 - "D:\DigitalSystem\module\counte00_99\counter00_99.vf" Line 48: Result of 5-bit expression is truncated to fit in 4-bit target.

=========================================================================
*                           HDL Synthesis                               *
=========================================================================

Synthesizing Unit <counter00_99>.
    Related source file is "D:\DigitalSystem\module\counte00_99\counter00_99.vf".
    Set property "HU_SET = XLXI_4_0" for instance <XLXI_4>.
    Set property "HU_SET = XLXI_29_1" for instance <XLXI_29>.
INFO:Xst:3210 - "D:\DigitalSystem\module\counte00_99\counter00_99.vf" line 88: Output port <CEO> of the instance <XLXI_4> is unconnected or connected to loadless signal.
INFO:Xst:3210 - "D:\DigitalSystem\module\counte00_99\counter00_99.vf" line 88: Output port <TC> of the instance <XLXI_4> is unconnected or connected to loadless signal.
INFO:Xst:3210 - "D:\DigitalSystem\module\counte00_99\counter00_99.vf" line 98: Output port <CEO> of the instance <XLXI_29> is unconnected or connected to loadless signal.
INFO:Xst:3210 - "D:\DigitalSystem\module\counte00_99\counter00_99.vf" line 98: Output port <TC> of the instance <XLXI_29> is unconnected or connected to loadless signal.
    Summary:
	no macro.
Unit <counter00_99> synthesized.

Synthesizing Unit <CB4CE_HXILINX_counter00_99>.
    Related source file is "D:\DigitalSystem\module\counte00_99\counter00_99.vf".
    Found 1-bit register for signal <Q1>.
    Found 1-bit register for signal <Q2>.
    Found 1-bit register for signal <Q3>.
    Found 1-bit register for signal <Q0>.
    Found 4-bit adder for signal <Q3_GND_4_o_add_0_OUT> created at line 48.
    Summary:
	inferred   1 Adder/Subtractor(s).
	inferred   4 D-type flip-flop(s).
Unit <CB4CE_HXILINX_counter00_99> synthesized.

=========================================================================
HDL Synthesis Report

Macro Statistics
# Adders/Subtractors                                   : 2
 4-bit adder                                           : 2
# Registers                                            : 8
 1-bit register                                        : 8

=========================================================================

=========================================================================
*                       Advanced HDL Synthesis                          *
=========================================================================


=========================================================================
Advanced HDL Synthesis Report

Macro Statistics
# Adders/Subtractors                                   : 2
 4-bit adder                                           : 2
# Registers                                            : 8
 Flip-Flops                                            : 8

=========================================================================

=========================================================================
*                         Low Level Synthesis                           *
=========================================================================

Optimizing unit <counter00_99> ...

Optimizing unit <CB4CE_HXILINX_counter00_99> ...

Mapping all equations...
Building and optimizing final netlist ...
Found area constraint ratio of 100 (+ 5) on block counter00_99, actual ratio is 0.

Final Macro Processing ...

=========================================================================
Final Register Report

Macro Statistics
# Registers                                            : 8
 Flip-Flops                                            : 8

=========================================================================

=========================================================================
*                           Partition Report                            *
=========================================================================

Partition Implementation Status
-------------------------------

  No Partitions were found in this design.

-------------------------------

=========================================================================
*                            Design Summary                             *
=========================================================================

Top Level Output File Name         : counter00_99.ngc

Primitive and Black Box Usage:
------------------------------
# BELS                             : 14
#      AND4                        : 2
#      INV                         : 6
#      LUT2                        : 2
#      LUT3                        : 2
#      LUT4                        : 2
# FlipFlops/Latches                : 8
#      FDCE                        : 8
# Clock Buffers                    : 1
#      BUFGP                       : 1
# IO Buffers                       : 9
#      IBUF                        : 1
#      OBUF                        : 8

Device utilization summary:
---------------------------

Selected Device : 6slx9tqg144-3 


Slice Logic Utilization: 
 Number of Slice Registers:               8  out of  11440     0%  
 Number of Slice LUTs:                   12  out of   5720     0%  
    Number used as Logic:                12  out of   5720     0%  

Slice Logic Distribution: 
 Number of LUT Flip Flop pairs used:     20
   Number with an unused Flip Flop:      12  out of     20    60%  
   Number with an unused LUT:             8  out of     20    40%  
   Number of fully used LUT-FF pairs:     0  out of     20     0%  
   Number of unique control sets:         2

IO Utilization: 
 Number of IOs:                          10
 Number of bonded IOBs:                  10  out of    102     9%  

Specific Feature Utilization:
 Number of BUFG/BUFGCTRLs:                1  out of     16     6%  

---------------------------
Partition Resource Summary:
---------------------------

  No Partitions were found in this design.

---------------------------


=========================================================================
Timing Report

NOTE: THESE TIMING NUMBERS ARE ONLY A SYNTHESIS ESTIMATE.
      FOR ACCURATE TIMING INFORMATION PLEASE REFER TO THE TRACE REPORT
      GENERATED AFTER PLACE-and-ROUTE.

Clock Information:
------------------
-----------------------------------+------------------------+-------+
Clock Signal                       | Clock buffer(FF name)  | Load  |
-----------------------------------+------------------------+-------+
XLXN_87(XLXI_1:O)                  | NONE(*)(XLXI_29/Q3)    | 4     |
P50                                | BUFGP                  | 4     |
-----------------------------------+------------------------+-------+
(*) This 1 clock signal(s) are generated by combinatorial logic,
and XST is not able to identify which are the primary clock signals.
Please use the CLOCK_SIGNAL constraint to specify the clock signal(s) generated by combinatorial logic.
INFO:Xst:2169 - HDL ADVISOR - Some clock signals were not automatically buffered by XST with BUFG/BUFR resources. Please use the buffer_type constraint in order to insert these buffers to the clock signals to help prevent skew problems.

Asynchronous Control Signals Information:
----------------------------------------
No asynchronous control signals found in this design

Timing Summary:
---------------
Speed Grade: -3

   Minimum period: 4.137ns (Maximum Frequency: 241.712MHz)
   Minimum input arrival time before clock: 2.346ns
   Maximum output required time after clock: 3.762ns
   Maximum combinational path delay: No path found

Timing Details:
---------------
All values displayed in nanoseconds (ns)

=========================================================================
Timing constraint: Default period analysis for Clock 'XLXN_87'
  Clock period: 4.018ns (frequency: 248.871MHz)
  Total number of paths / destination ports: 26 / 8
-------------------------------------------------------------------------
Delay:               4.018ns (Levels of Logic = 3)
  Source:            XLXI_29/Q0 (FF)
  Destination:       XLXI_29/Q3 (FF)
  Source Clock:      XLXN_87 rising
  Destination Clock: XLXN_87 rising

  Data Path: XLXI_29/Q0 to XLXI_29/Q3
                                Gate     Net
    Cell:in->out      fanout   Delay   Delay  Logical Name (Net Name)
    ----------------------------------------  ------------
     FDCE:C->Q             6   0.447   0.744  Q0 (Q0)
     end scope: 'XLXI_29:Q0'
     INV:I->O              1   0.568   0.808  XLXI_43 (XLXN_89)
     AND4:I3->O            4   0.339   0.683  XLXI_41 (XLXN_96)
     begin scope: 'XLXI_29:CLR'
     FDCE:CLR                  0.430          Q3
    ----------------------------------------
    Total                      4.018ns (1.784ns logic, 2.234ns route)
                                       (44.4% logic, 55.6% route)

=========================================================================
Timing constraint: Default period analysis for Clock 'P50'
  Clock period: 4.137ns (frequency: 241.712MHz)
  Total number of paths / destination ports: 26 / 8
-------------------------------------------------------------------------
Delay:               4.137ns (Levels of Logic = 3)
  Source:            XLXI_4/Q0 (FF)
  Destination:       XLXI_4/Q3 (FF)
  Source Clock:      P50 rising
  Destination Clock: P50 rising

  Data Path: XLXI_4/Q0 to XLXI_4/Q3
                                Gate     Net
    Cell:in->out      fanout   Delay   Delay  Logical Name (Net Name)
    ----------------------------------------  ------------
     FDCE:C->Q             6   0.447   0.744  Q0 (Q0)
     end scope: 'XLXI_4:Q0'
     INV:I->O              1   0.568   0.808  XLXI_3 (XLXN_2)
     AND4:I3->O            8   0.339   0.802  XLXI_1 (XLXN_87)
     begin scope: 'XLXI_4:CLR'
     FDCE:CLR                  0.430          Q3
    ----------------------------------------
    Total                      4.137ns (1.784ns logic, 2.353ns route)
                                       (43.1% logic, 56.9% route)

=========================================================================
Timing constraint: Default OFFSET IN BEFORE for Clock 'XLXN_87'
  Total number of paths / destination ports: 4 / 4
-------------------------------------------------------------------------
Offset:              2.346ns (Levels of Logic = 2)
  Source:            PB3_P47 (PAD)
  Destination:       XLXI_29/Q3 (FF)
  Destination Clock: XLXN_87 rising

  Data Path: PB3_P47 to XLXI_29/Q3
                                Gate     Net
    Cell:in->out      fanout   Delay   Delay  Logical Name (Net Name)
    ----------------------------------------  ------------
     IBUF:I->O             8   1.222   0.802  PB3_P47_IBUF (PB3_P47_IBUF)
     begin scope: 'XLXI_29:CE'
     FDCE:CE                   0.322          Q3
    ----------------------------------------
    Total                      2.346ns (1.544ns logic, 0.802ns route)
                                       (65.8% logic, 34.2% route)

=========================================================================
Timing constraint: Default OFFSET IN BEFORE for Clock 'P50'
  Total number of paths / destination ports: 4 / 4
-------------------------------------------------------------------------
Offset:              2.346ns (Levels of Logic = 2)
  Source:            PB3_P47 (PAD)
  Destination:       XLXI_4/Q3 (FF)
  Destination Clock: P50 rising

  Data Path: PB3_P47 to XLXI_4/Q3
                                Gate     Net
    Cell:in->out      fanout   Delay   Delay  Logical Name (Net Name)
    ----------------------------------------  ------------
     IBUF:I->O             8   1.222   0.802  PB3_P47_IBUF (PB3_P47_IBUF)
     begin scope: 'XLXI_4:CE'
     FDCE:CE                   0.322          Q3
    ----------------------------------------
    Total                      2.346ns (1.544ns logic, 0.802ns route)
                                       (65.8% logic, 34.2% route)

=========================================================================
Timing constraint: Default OFFSET OUT AFTER for Clock 'P50'
  Total number of paths / destination ports: 4 / 4
-------------------------------------------------------------------------
Offset:              3.762ns (Levels of Logic = 2)
  Source:            XLXI_4/Q0 (FF)
  Destination:       A<0> (PAD)
  Source Clock:      P50 rising

  Data Path: XLXI_4/Q0 to A<0>
                                Gate     Net
    Cell:in->out      fanout   Delay   Delay  Logical Name (Net Name)
    ----------------------------------------  ------------
     FDCE:C->Q             6   0.447   0.744  Q0 (Q0)
     end scope: 'XLXI_4:Q0'
     OBUF:I->O                 2.571          A_0_OBUF (A<0>)
    ----------------------------------------
    Total                      3.762ns (3.018ns logic, 0.744ns route)
                                       (80.2% logic, 19.8% route)

=========================================================================
Timing constraint: Default OFFSET OUT AFTER for Clock 'XLXN_87'
  Total number of paths / destination ports: 4 / 4
-------------------------------------------------------------------------
Offset:              3.762ns (Levels of Logic = 2)
  Source:            XLXI_29/Q0 (FF)
  Destination:       B<0> (PAD)
  Source Clock:      XLXN_87 rising

  Data Path: XLXI_29/Q0 to B<0>
                                Gate     Net
    Cell:in->out      fanout   Delay   Delay  Logical Name (Net Name)
    ----------------------------------------  ------------
     FDCE:C->Q             6   0.447   0.744  Q0 (Q0)
     end scope: 'XLXI_29:Q0'
     OBUF:I->O                 2.571          B_0_OBUF (B<0>)
    ----------------------------------------
    Total                      3.762ns (3.018ns logic, 0.744ns route)
                                       (80.2% logic, 19.8% route)

=========================================================================

Cross Clock Domains Report:
--------------------------

Clock to Setup on destination clock P50
---------------+---------+---------+---------+---------+
               | Src:Rise| Src:Fall| Src:Rise| Src:Fall|
Source Clock   |Dest:Rise|Dest:Rise|Dest:Fall|Dest:Fall|
---------------+---------+---------+---------+---------+
P50            |    4.137|         |         |         |
---------------+---------+---------+---------+---------+

Clock to Setup on destination clock XLXN_87
---------------+---------+---------+---------+---------+
               | Src:Rise| Src:Fall| Src:Rise| Src:Fall|
Source Clock   |Dest:Rise|Dest:Rise|Dest:Fall|Dest:Fall|
---------------+---------+---------+---------+---------+
XLXN_87        |    4.018|         |         |         |
---------------+---------+---------+---------+---------+

=========================================================================


Total REAL time to Xst completion: 7.00 secs
Total CPU time to Xst completion: 6.80 secs
 
--> 

Total memory usage is 4485796 kilobytes

Number of errors   :    0 (   0 filtered)
Number of warnings :    1 (   0 filtered)
Number of infos    :    5 (   0 filtered)

