Release 14.7 - xst P.20131013 (nt64)
Copyright (c) 1995-2013 Xilinx, Inc.  All rights reserved.
--> Parameter TMPDIR set to xst/projnav.tmp


Total REAL time to Xst completion: 0.00 secs
Total CPU time to Xst completion: 0.16 secs
 
--> Parameter xsthdpdir set to xst


Total REAL time to Xst completion: 0.00 secs
Total CPU time to Xst completion: 0.16 secs
 
--> Reading design: Lab5_3.prj

TABLE OF CONTENTS
  1) Synthesis Options Summary
  2) HDL Parsing
  3) HDL Elaboration
  4) HDL Synthesis
       4.1) HDL Synthesis Report
  5) Advanced HDL Synthesis
       5.1) Advanced HDL Synthesis Report
  6) Low Level Synthesis
  7) Partition Report
  8) Design Summary
       8.1) Primitive and Black Box Usage
       8.2) Device utilization summary
       8.3) Partition Resource Summary
       8.4) Timing Report
            8.4.1) Clock Information
            8.4.2) Asynchronous Control Signals Information
            8.4.3) Timing Summary
            8.4.4) Timing Details
            8.4.5) Cross Clock Domains Report


=========================================================================
*                      Synthesis Options Summary                        *
=========================================================================
---- Source Parameters
Input File Name                    : "Lab5_3.prj"
Ignore Synthesis Constraint File   : NO

---- Target Parameters
Output File Name                   : "Lab5_3"
Output Format                      : NGC
Target Device                      : xc6slx9-3-tqg144

---- Source Options
Top Module Name                    : Lab5_3
Automatic FSM Extraction           : YES
FSM Encoding Algorithm             : Auto
Safe Implementation                : No
FSM Style                          : LUT
RAM Extraction                     : Yes
RAM Style                          : Auto
ROM Extraction                     : Yes
Shift Register Extraction          : YES
ROM Style                          : Auto
Resource Sharing                   : YES
Asynchronous To Synchronous        : NO
Shift Register Minimum Size        : 2
Use DSP Block                      : Auto
Automatic Register Balancing       : No

---- Target Options
LUT Combining                      : Auto
Reduce Control Sets                : Auto
Add IO Buffers                     : YES
Global Maximum Fanout              : 100000
Add Generic Clock Buffer(BUFG)     : 16
Register Duplication               : YES
Optimize Instantiated Primitives   : NO
Use Clock Enable                   : Auto
Use Synchronous Set                : Auto
Use Synchronous Reset              : Auto
Pack IO Registers into IOBs        : Auto
Equivalent register Removal        : YES

---- General Options
Optimization Goal                  : Speed
Optimization Effort                : 1
Power Reduction                    : NO
Keep Hierarchy                     : No
Netlist Hierarchy                  : As_Optimized
RTL Output                         : Yes
Global Optimization                : AllClockNets
Read Cores                         : YES
Write Timing Constraints           : NO
Cross Clock Analysis               : NO
Hierarchy Separator                : /
Bus Delimiter                      : <>
Case Specifier                     : Maintain
Slice Utilization Ratio            : 100
BRAM Utilization Ratio             : 100
DSP48 Utilization Ratio            : 100
Auto BRAM Packing                  : NO
Slice Utilization Ratio Delta      : 5

=========================================================================


=========================================================================
*                          HDL Parsing                                  *
=========================================================================
Analyzing Verilog file "D:\DigitalSystem\Lab\Lab5_3\sevensegmen4bit.vf" into library work
Parsing module <sevensegmen4bit>.
Analyzing Verilog file "D:\DigitalSystem\Lab\Lab5_3\mode10.vf" into library work
Parsing module <FJKC_HXILINX_mode10>.
Parsing module <mode10>.
Analyzing Verilog file "D:\DigitalSystem\Lab\Lab5_3\Lab5_3.vf" into library work
Parsing module <CB4CE_HXILINX_Lab5_3>.
Parsing module <Lab5_3>.

=========================================================================
*                            HDL Elaboration                            *
=========================================================================

Elaborating module <Lab5_3>.

Elaborating module <sevensegmen4bit>.

Elaborating module <AND2>.

Elaborating module <INV>.

Elaborating module <OR3>.

Elaborating module <AND3>.

Elaborating module <OR4>.

Elaborating module <OR5>.

Elaborating module <OR2>.

Elaborating module <VCC>.

Elaborating module <GND>.

Elaborating module <CB4CE_HXILINX_Lab5_3>.
WARNING:HDLCompiler:413 - "D:\DigitalSystem\Lab\Lab5_3\Lab5_3.vf" Line 48: Result of 5-bit expression is truncated to fit in 4-bit target.

Elaborating module <mode10>.

Elaborating module <FJKC_HXILINX_mode10>.

Elaborating module <AND4B2>.

=========================================================================
*                           HDL Synthesis                               *
=========================================================================

Synthesizing Unit <Lab5_3>.
    Related source file is "D:\DigitalSystem\Lab\Lab5_3\Lab5_3.vf".
    Set property "HU_SET = XLXI_20_1" for instance <XLXI_20>.
INFO:Xst:3210 - "D:\DigitalSystem\Lab\Lab5_3\Lab5_3.vf" line 110: Output port <CEO> of the instance <XLXI_20> is unconnected or connected to loadless signal.
INFO:Xst:3210 - "D:\DigitalSystem\Lab\Lab5_3\Lab5_3.vf" line 110: Output port <TC> of the instance <XLXI_20> is unconnected or connected to loadless signal.
    Summary:
	no macro.
Unit <Lab5_3> synthesized.

Synthesizing Unit <sevensegmen4bit>.
    Related source file is "D:\DigitalSystem\Lab\Lab5_3\sevensegmen4bit.vf".
    Summary:
	no macro.
Unit <sevensegmen4bit> synthesized.

Synthesizing Unit <CB4CE_HXILINX_Lab5_3>.
    Related source file is "D:\DigitalSystem\Lab\Lab5_3\Lab5_3.vf".
    Found 1-bit register for signal <Q1>.
    Found 1-bit register for signal <Q2>.
    Found 1-bit register for signal <Q3>.
    Found 1-bit register for signal <Q0>.
    Found 4-bit adder for signal <Q3_GND_12_o_add_0_OUT> created at line 48.
    Summary:
	inferred   1 Adder/Subtractor(s).
	inferred   4 D-type flip-flop(s).
Unit <CB4CE_HXILINX_Lab5_3> synthesized.

Synthesizing Unit <mode10>.
    Related source file is "D:\DigitalSystem\Lab\Lab5_3\mode10.vf".
    Set property "HU_SET = XLXI_2_1" for instance <XLXI_2>.
    Set property "HU_SET = XLXI_3_2" for instance <XLXI_3>.
    Set property "HU_SET = XLXI_4_3" for instance <XLXI_4>.
    Set property "HU_SET = XLXI_5_4" for instance <XLXI_5>.
    Summary:
	no macro.
Unit <mode10> synthesized.

Synthesizing Unit <FJKC_HXILINX_mode10>.
    Related source file is "D:\DigitalSystem\Lab\Lab5_3\mode10.vf".
        INIT = 1'b0
    Found 1-bit register for signal <Q>.
    Summary:
	inferred   1 D-type flip-flop(s).
	inferred   2 Multiplexer(s).
Unit <FJKC_HXILINX_mode10> synthesized.

=========================================================================
HDL Synthesis Report

Macro Statistics
# Adders/Subtractors                                   : 1
 4-bit adder                                           : 1
# Registers                                            : 8
 1-bit register                                        : 8
# Multiplexers                                         : 8
 1-bit 2-to-1 multiplexer                              : 8

=========================================================================

=========================================================================
*                       Advanced HDL Synthesis                          *
=========================================================================


=========================================================================
Advanced HDL Synthesis Report

Macro Statistics
# Adders/Subtractors                                   : 1
 4-bit adder                                           : 1
# Registers                                            : 8
 Flip-Flops                                            : 8
# Multiplexers                                         : 8
 1-bit 2-to-1 multiplexer                              : 8

=========================================================================

=========================================================================
*                         Low Level Synthesis                           *
=========================================================================

Optimizing unit <Lab5_3> ...

Optimizing unit <sevensegmen4bit> ...

Optimizing unit <FJKC_HXILINX_mode10> ...

Optimizing unit <CB4CE_HXILINX_Lab5_3> ...

Mapping all equations...
Building and optimizing final netlist ...
Found area constraint ratio of 100 (+ 5) on block Lab5_3, actual ratio is 0.

Final Macro Processing ...

=========================================================================
Final Register Report

Macro Statistics
# Registers                                            : 8
 Flip-Flops                                            : 8

=========================================================================

=========================================================================
*                           Partition Report                            *
=========================================================================

Partition Implementation Status
-------------------------------

  No Partitions were found in this design.

-------------------------------

=========================================================================
*                            Design Summary                             *
=========================================================================

Top Level Output File Name         : Lab5_3.ngc

Primitive and Black Box Usage:
------------------------------
# BELS                             : 56
#      AND2                        : 16
#      AND3                        : 2
#      AND4B2                      : 1
#      GND                         : 1
#      INV                         : 21
#      LUT2                        : 2
#      LUT3                        : 4
#      LUT4                        : 1
#      OR2                         : 1
#      OR3                         : 3
#      OR4                         : 2
#      OR5                         : 1
#      VCC                         : 1
# FlipFlops/Latches                : 8
#      FDC                         : 3
#      FDCE                        : 5
# IO Buffers                       : 13
#      IBUF                        : 2
#      OBUF                        : 11

Device utilization summary:
---------------------------

Selected Device : 6slx9tqg144-3 


Slice Logic Utilization: 
 Number of Slice Registers:               8  out of  11440     0%  
 Number of Slice LUTs:                   28  out of   5720     0%  
    Number used as Logic:                28  out of   5720     0%  

Slice Logic Distribution: 
 Number of LUT Flip Flop pairs used:     36
   Number with an unused Flip Flop:      28  out of     36    77%  
   Number with an unused LUT:             8  out of     36    22%  
   Number of fully used LUT-FF pairs:     0  out of     36     0%  
   Number of unique control sets:         5

IO Utilization: 
 Number of IOs:                          13
 Number of bonded IOBs:                  13  out of    102    12%  

Specific Feature Utilization:

---------------------------
Partition Resource Summary:
---------------------------

  No Partitions were found in this design.

---------------------------


=========================================================================
Timing Report

NOTE: THESE TIMING NUMBERS ARE ONLY A SYNTHESIS ESTIMATE.
      FOR ACCURATE TIMING INFORMATION PLEASE REFER TO THE TRACE REPORT
      GENERATED AFTER PLACE-and-ROUTE.

Clock Information:
------------------
-----------------------------------+--------------------------+-------+
Clock Signal                       | Clock buffer(FF name)    | Load  |
-----------------------------------+--------------------------+-------+
XLXN_64(XLXI_24:O)                 | NONE(*)(XLXI_25/XLXI_5/Q)| 4     |
XLXN_71(XLXI_25/XLXI_10:O)         | NONE(*)(XLXI_20/Q3)      | 4     |
-----------------------------------+--------------------------+-------+
(*) These 2 clock signal(s) are generated by combinatorial logic,
and XST is not able to identify which are the primary clock signals.
Please use the CLOCK_SIGNAL constraint to specify the clock signal(s) generated by combinatorial logic.
INFO:Xst:2169 - HDL ADVISOR - Some clock signals were not automatically buffered by XST with BUFG/BUFR resources. Please use the buffer_type constraint in order to insert these buffers to the clock signals to help prevent skew problems.

Asynchronous Control Signals Information:
----------------------------------------
No asynchronous control signals found in this design

Timing Summary:
---------------
Speed Grade: -3

   Minimum period: 3.154ns (Maximum Frequency: 317.023MHz)
   Minimum input arrival time before clock: No path found
   Maximum output required time after clock: 7.485ns
   Maximum combinational path delay: No path found

Timing Details:
---------------
All values displayed in nanoseconds (ns)

=========================================================================
Timing constraint: Default period analysis for Clock 'XLXN_64'
  Clock period: 2.929ns (frequency: 341.402MHz)
  Total number of paths / destination ports: 26 / 9
-------------------------------------------------------------------------
Delay:               2.929ns (Levels of Logic = 2)
  Source:            XLXI_25/XLXI_3/Q (FF)
  Destination:       XLXI_25/XLXI_5/Q (FF)
  Source Clock:      XLXN_64 rising
  Destination Clock: XLXN_64 rising

  Data Path: XLXI_25/XLXI_3/Q to XLXI_25/XLXI_5/Q
                                Gate     Net
    Cell:in->out      fanout   Delay   Delay  Logical Name (Net Name)
    ----------------------------------------  ------------
     FDCE:C->Q             4   0.447   1.048  Q (Q)
     end scope: 'XLXI_25/XLXI_3:Q'
     AND2:I0->O            8   0.203   0.802  XLXI_25/XLXI_10 (XLXN_71)
     begin scope: 'XLXI_25/XLXI_5:CLR'
     FDC:CLR                   0.430          Q
    ----------------------------------------
    Total                      2.929ns (1.080ns logic, 1.849ns route)
                                       (36.9% logic, 63.1% route)

=========================================================================
Timing constraint: Default period analysis for Clock 'XLXN_71'
  Clock period: 3.154ns (frequency: 317.023MHz)
  Total number of paths / destination ports: 26 / 8
-------------------------------------------------------------------------
Delay:               3.154ns (Levels of Logic = 2)
  Source:            XLXI_20/Q0 (FF)
  Destination:       XLXI_20/Q3 (FF)
  Source Clock:      XLXN_71 rising
  Destination Clock: XLXN_71 rising

  Data Path: XLXI_20/Q0 to XLXI_20/Q3
                                Gate     Net
    Cell:in->out      fanout   Delay   Delay  Logical Name (Net Name)
    ----------------------------------------  ------------
     FDCE:C->Q            17   0.447   1.392  Q0 (Q0)
     end scope: 'XLXI_20:Q0'
     AND4B2:I0->O          4   0.203   0.683  XLXI_41 (XLXN_72)
     begin scope: 'XLXI_20:CLR'
     FDCE:CLR                  0.430          Q3
    ----------------------------------------
    Total                      3.154ns (1.080ns logic, 2.074ns route)
                                       (34.2% logic, 65.8% route)

=========================================================================
Timing constraint: Default OFFSET OUT AFTER for Clock 'XLXN_71'
  Total number of paths / destination ports: 39 / 7
-------------------------------------------------------------------------
Offset:              7.485ns (Levels of Logic = 5)
  Source:            XLXI_20/Q0 (FF)
  Destination:       P27 (PAD)
  Source Clock:      XLXN_71 rising

  Data Path: XLXI_20/Q0 to P27
                                Gate     Net
    Cell:in->out      fanout   Delay   Delay  Logical Name (Net Name)
    ----------------------------------------  ------------
     FDCE:C->Q            17   0.447   1.027  Q0 (Q0)
     end scope: 'XLXI_20:Q0'
     INV:I->O              1   0.568   0.944  XLXI_11/XLXI_18 (XLXI_11/XLXN_5)
     AND2:I0->O            1   0.203   0.808  XLXI_11/XLXI_1 (XLXI_11/XLXN_23)
     OR4:I3->O             1   0.339   0.579  XLXI_11/XLXI_36 (P41_OBUF)
     OBUF:I->O                 2.571          P41_OBUF (P41)
    ----------------------------------------
    Total                      7.485ns (4.128ns logic, 3.357ns route)
                                       (55.1% logic, 44.9% route)

=========================================================================

Cross Clock Domains Report:
--------------------------

Clock to Setup on destination clock XLXN_64
---------------+---------+---------+---------+---------+
               | Src:Rise| Src:Fall| Src:Rise| Src:Fall|
Source Clock   |Dest:Rise|Dest:Rise|Dest:Fall|Dest:Fall|
---------------+---------+---------+---------+---------+
XLXN_64        |    2.929|         |         |         |
---------------+---------+---------+---------+---------+

Clock to Setup on destination clock XLXN_71
---------------+---------+---------+---------+---------+
               | Src:Rise| Src:Fall| Src:Rise| Src:Fall|
Source Clock   |Dest:Rise|Dest:Rise|Dest:Fall|Dest:Fall|
---------------+---------+---------+---------+---------+
XLXN_71        |    3.154|         |         |         |
---------------+---------+---------+---------+---------+

=========================================================================


Total REAL time to Xst completion: 7.00 secs
Total CPU time to Xst completion: 6.87 secs
 
--> 

Total memory usage is 4485796 kilobytes

Number of errors   :    0 (   0 filtered)
Number of warnings :    1 (   0 filtered)
Number of infos    :    3 (   0 filtered)

