Release 14.7 - xst P.20131013 (nt64)
Copyright (c) 1995-2013 Xilinx, Inc.  All rights reserved.
--> Parameter TMPDIR set to xst/projnav.tmp


Total REAL time to Xst completion: 0.00 secs
Total CPU time to Xst completion: 0.41 secs
 
--> Parameter xsthdpdir set to xst


Total REAL time to Xst completion: 0.00 secs
Total CPU time to Xst completion: 0.41 secs
 
--> Reading design: Lab6.prj

TABLE OF CONTENTS
  1) Synthesis Options Summary
  2) HDL Parsing
  3) HDL Elaboration
  4) HDL Synthesis
       4.1) HDL Synthesis Report
  5) Advanced HDL Synthesis
       5.1) Advanced HDL Synthesis Report
  6) Low Level Synthesis
  7) Partition Report
  8) Design Summary
       8.1) Primitive and Black Box Usage
       8.2) Device utilization summary
       8.3) Partition Resource Summary
       8.4) Timing Report
            8.4.1) Clock Information
            8.4.2) Asynchronous Control Signals Information
            8.4.3) Timing Summary
            8.4.4) Timing Details
            8.4.5) Cross Clock Domains Report


=========================================================================
*                      Synthesis Options Summary                        *
=========================================================================
---- Source Parameters
Input File Name                    : "Lab6.prj"
Ignore Synthesis Constraint File   : NO

---- Target Parameters
Output File Name                   : "Lab6"
Output Format                      : NGC
Target Device                      : xc6slx9-3-tqg144

---- Source Options
Top Module Name                    : Lab6
Automatic FSM Extraction           : YES
FSM Encoding Algorithm             : Auto
Safe Implementation                : No
FSM Style                          : LUT
RAM Extraction                     : Yes
RAM Style                          : Auto
ROM Extraction                     : Yes
Shift Register Extraction          : YES
ROM Style                          : Auto
Resource Sharing                   : YES
Asynchronous To Synchronous        : NO
Shift Register Minimum Size        : 2
Use DSP Block                      : Auto
Automatic Register Balancing       : No

---- Target Options
LUT Combining                      : Auto
Reduce Control Sets                : Auto
Add IO Buffers                     : YES
Global Maximum Fanout              : 100000
Add Generic Clock Buffer(BUFG)     : 16
Register Duplication               : YES
Optimize Instantiated Primitives   : NO
Use Clock Enable                   : Auto
Use Synchronous Set                : Auto
Use Synchronous Reset              : Auto
Pack IO Registers into IOBs        : Auto
Equivalent register Removal        : YES

---- General Options
Optimization Goal                  : Speed
Optimization Effort                : 1
Power Reduction                    : NO
Keep Hierarchy                     : No
Netlist Hierarchy                  : As_Optimized
RTL Output                         : Yes
Global Optimization                : AllClockNets
Read Cores                         : YES
Write Timing Constraints           : NO
Cross Clock Analysis               : NO
Hierarchy Separator                : /
Bus Delimiter                      : <>
Case Specifier                     : Maintain
Slice Utilization Ratio            : 100
BRAM Utilization Ratio             : 100
DSP48 Utilization Ratio            : 100
Auto BRAM Packing                  : NO
Slice Utilization Ratio Delta      : 5

=========================================================================


=========================================================================
*                          HDL Parsing                                  *
=========================================================================
Analyzing Verilog file "D:\DigitalSystem\Lab\lab6\mux8_4.vf" into library work
Parsing module <M2_1_HXILINX_mux8_4>.
Parsing module <mux8_4>.
Analyzing Verilog file "D:\DigitalSystem\Lab\lab6\mode10.vf" into library work
Parsing module <FJKC_HXILINX_mode10>.
Parsing module <mode10>.
Analyzing Verilog file "D:\DigitalSystem\Lab\lab6\decooder2_1.vf" into library work
Parsing module <D2_4E_HXILINX_decooder2_1>.
Parsing module <decooder2_1>.
Analyzing Verilog file "D:\DigitalSystem\Lab\lab6\BCDtoSeg.vf" into library work
Parsing module <BCDtoSeg>.
Analyzing Verilog file "D:\DigitalSystem\Lab\lab6\div100k.vf" into library work
Parsing module <div100k>.
Analyzing Verilog file "D:\DigitalSystem\Lab\lab6\counter00_99.vf" into library work
Parsing module <CB4CE_HXILINX_counter00_99>.
Parsing module <counter00_99>.
Analyzing Verilog file "D:\DigitalSystem\Lab\lab6\comparetor4bits.vf" into library work
Parsing module <COMP4_HXILINX_comparetor4bits>.
Parsing module <comparetor4bits>.
Analyzing Verilog file "D:\DigitalSystem\Lab\lab6\Display.vf" into library work
Parsing module <CB2CE_HXILINX_Display>.
Parsing module <BCDtoSeg_MUSER_Display>.
Parsing module <Display>.
Analyzing Verilog file "D:\DigitalSystem\Lab\lab6\Lab6.vf" into library work
Parsing module <CB2CE_HXILINX_Lab6>.
Parsing module <BCDtoSeg_MUSER_Lab6>.
Parsing module <Display_MUSER_Lab6>.
Parsing module <Lab6>.
Analyzing Verilog file "D:\DigitalSystem\Lab\lab6\sevenseg.vf" into library work
Parsing module <sevenseg>.

=========================================================================
*                            HDL Elaboration                            *
=========================================================================

Elaborating module <Lab6>.

Elaborating module <VCC>.

Elaborating module <counter00_99>.

Elaborating module <AND4>.

Elaborating module <INV>.

Elaborating module <CB4CE_HXILINX_counter00_99>.
WARNING:HDLCompiler:413 - "D:\DigitalSystem\Lab\lab6\counter00_99.vf" Line 48: Result of 5-bit expression is truncated to fit in 4-bit target.

Elaborating module <comparetor4bits>.

Elaborating module <COMP4_HXILINX_comparetor4bits>.

Elaborating module <AND2>.

Elaborating module <Display_MUSER_Lab6>.

Elaborating module <CB2CE_HXILINX_Lab6>.
WARNING:HDLCompiler:413 - "D:\DigitalSystem\Lab\lab6\Lab6.vf" Line 44: Result of 3-bit expression is truncated to fit in 2-bit target.

Elaborating module <mux8_4>.

Elaborating module <M2_1_HXILINX_mux8_4>.

Elaborating module <decooder2_1>.

Elaborating module <D2_4E_HXILINX_decooder2_1>.

Elaborating module <GND>.

Elaborating module <AND2B1>.

Elaborating module <BCDtoSeg_MUSER_Lab6>.

Elaborating module <OR3>.

Elaborating module <AND3>.

Elaborating module <OR4>.

Elaborating module <OR5>.

Elaborating module <OR2>.

Elaborating module <div100k>.

Elaborating module <mode10>.

Elaborating module <FJKC_HXILINX_mode10>.

=========================================================================
*                           HDL Synthesis                               *
=========================================================================

Synthesizing Unit <Lab6>.
    Related source file is "D:\DigitalSystem\Lab\lab6\Lab6.vf".
    Summary:
	no macro.
Unit <Lab6> synthesized.

Synthesizing Unit <counter00_99>.
    Related source file is "D:\DigitalSystem\Lab\lab6\counter00_99.vf".
    Set property "HU_SET = XLXI_4_1" for instance <XLXI_4>.
    Set property "HU_SET = XLXI_29_2" for instance <XLXI_29>.
INFO:Xst:3210 - "D:\DigitalSystem\Lab\lab6\counter00_99.vf" line 88: Output port <CEO> of the instance <XLXI_4> is unconnected or connected to loadless signal.
INFO:Xst:3210 - "D:\DigitalSystem\Lab\lab6\counter00_99.vf" line 88: Output port <TC> of the instance <XLXI_4> is unconnected or connected to loadless signal.
INFO:Xst:3210 - "D:\DigitalSystem\Lab\lab6\counter00_99.vf" line 98: Output port <CEO> of the instance <XLXI_29> is unconnected or connected to loadless signal.
INFO:Xst:3210 - "D:\DigitalSystem\Lab\lab6\counter00_99.vf" line 98: Output port <TC> of the instance <XLXI_29> is unconnected or connected to loadless signal.
    Summary:
	no macro.
Unit <counter00_99> synthesized.

Synthesizing Unit <CB4CE_HXILINX_counter00_99>.
    Related source file is "D:\DigitalSystem\Lab\lab6\counter00_99.vf".
    Found 1-bit register for signal <Q1>.
    Found 1-bit register for signal <Q2>.
    Found 1-bit register for signal <Q3>.
    Found 1-bit register for signal <Q0>.
    Found 4-bit adder for signal <Q3_GND_6_o_add_0_OUT> created at line 48.
    Summary:
	inferred   1 Adder/Subtractor(s).
	inferred   4 D-type flip-flop(s).
Unit <CB4CE_HXILINX_counter00_99> synthesized.

Synthesizing Unit <comparetor4bits>.
    Related source file is "D:\DigitalSystem\Lab\lab6\comparetor4bits.vf".
    Set property "HU_SET = XLXI_1_2" for instance <XLXI_1>.
    Summary:
	no macro.
Unit <comparetor4bits> synthesized.

Synthesizing Unit <COMP4_HXILINX_comparetor4bits>.
    Related source file is "D:\DigitalSystem\Lab\lab6\comparetor4bits.vf".
    Found 1-bit comparator equal for signal <A0_B0_equal_1_o> created at line 37
    Found 1-bit comparator equal for signal <A1_B1_equal_2_o> created at line 37
    Found 1-bit comparator equal for signal <A2_B2_equal_3_o> created at line 37
    Found 1-bit comparator equal for signal <A3_B3_equal_4_o> created at line 37
    Summary:
	inferred   4 Comparator(s).
Unit <COMP4_HXILINX_comparetor4bits> synthesized.

Synthesizing Unit <Display_MUSER_Lab6>.
    Related source file is "D:\DigitalSystem\Lab\lab6\Lab6.vf".
    Set property "HU_SET = XLXI_3_1" for instance <XLXI_3>.
INFO:Xst:3210 - "D:\DigitalSystem\Lab\lab6\Lab6.vf" line 257: Output port <CEO> of the instance <XLXI_3> is unconnected or connected to loadless signal.
INFO:Xst:3210 - "D:\DigitalSystem\Lab\lab6\Lab6.vf" line 257: Output port <TC> of the instance <XLXI_3> is unconnected or connected to loadless signal.
    Summary:
	no macro.
Unit <Display_MUSER_Lab6> synthesized.

Synthesizing Unit <CB2CE_HXILINX_Lab6>.
    Related source file is "D:\DigitalSystem\Lab\lab6\Lab6.vf".
    Found 1-bit register for signal <Q1>.
    Found 1-bit register for signal <Q0>.
    Found 2-bit adder for signal <Q1_GND_11_o_add_0_OUT> created at line 44.
    Summary:
	inferred   1 Adder/Subtractor(s).
	inferred   2 D-type flip-flop(s).
Unit <CB2CE_HXILINX_Lab6> synthesized.

Synthesizing Unit <mux8_4>.
    Related source file is "D:\DigitalSystem\Lab\lab6\mux8_4.vf".
    Set property "HU_SET = XLXI_1_2" for instance <XLXI_1>.
    Set property "HU_SET = XLXI_2_3" for instance <XLXI_2>.
    Set property "HU_SET = XLXI_3_4" for instance <XLXI_3>.
    Set property "HU_SET = XLXI_4_5" for instance <XLXI_4>.
    Summary:
	no macro.
Unit <mux8_4> synthesized.

Synthesizing Unit <M2_1_HXILINX_mux8_4>.
    Related source file is "D:\DigitalSystem\Lab\lab6\mux8_4.vf".
    Summary:
	inferred   1 Multiplexer(s).
Unit <M2_1_HXILINX_mux8_4> synthesized.

Synthesizing Unit <decooder2_1>.
    Related source file is "D:\DigitalSystem\Lab\lab6\decooder2_1.vf".
    Set property "HU_SET = XLXI_3_0" for instance <XLXI_3>.
INFO:Xst:3210 - "D:\DigitalSystem\Lab\lab6\decooder2_1.vf" line 68: Output port <D2> of the instance <XLXI_3> is unconnected or connected to loadless signal.
INFO:Xst:3210 - "D:\DigitalSystem\Lab\lab6\decooder2_1.vf" line 68: Output port <D3> of the instance <XLXI_3> is unconnected or connected to loadless signal.
    Summary:
	no macro.
Unit <decooder2_1> synthesized.

Synthesizing Unit <D2_4E_HXILINX_decooder2_1>.
    Related source file is "D:\DigitalSystem\Lab\lab6\decooder2_1.vf".
    Summary:
	inferred   4 Multiplexer(s).
Unit <D2_4E_HXILINX_decooder2_1> synthesized.

Synthesizing Unit <BCDtoSeg_MUSER_Lab6>.
    Related source file is "D:\DigitalSystem\Lab\lab6\Lab6.vf".
    Summary:
	no macro.
Unit <BCDtoSeg_MUSER_Lab6> synthesized.

Synthesizing Unit <div100k>.
    Related source file is "D:\DigitalSystem\Lab\lab6\div100k.vf".
    Summary:
	no macro.
Unit <div100k> synthesized.

Synthesizing Unit <mode10>.
    Related source file is "D:\DigitalSystem\Lab\lab6\mode10.vf".
    Set property "HU_SET = XLXI_2_0" for instance <XLXI_2>.
    Set property "HU_SET = XLXI_3_1" for instance <XLXI_3>.
    Set property "HU_SET = XLXI_4_2" for instance <XLXI_4>.
    Set property "HU_SET = XLXI_5_3" for instance <XLXI_5>.
    Summary:
	no macro.
Unit <mode10> synthesized.

Synthesizing Unit <FJKC_HXILINX_mode10>.
    Related source file is "D:\DigitalSystem\Lab\lab6\mode10.vf".
        INIT = 1'b0
    Found 1-bit register for signal <Q>.
    Summary:
	inferred   1 D-type flip-flop(s).
	inferred   2 Multiplexer(s).
Unit <FJKC_HXILINX_mode10> synthesized.

=========================================================================
HDL Synthesis Report

Macro Statistics
# Adders/Subtractors                                   : 3
 2-bit adder                                           : 1
 4-bit adder                                           : 2
# Registers                                            : 30
 1-bit register                                        : 30
# Comparators                                          : 4
 1-bit comparator equal                                : 4
# Multiplexers                                         : 48
 1-bit 2-to-1 multiplexer                              : 48

=========================================================================

=========================================================================
*                       Advanced HDL Synthesis                          *
=========================================================================


=========================================================================
Advanced HDL Synthesis Report

Macro Statistics
# Adders/Subtractors                                   : 3
 2-bit adder                                           : 1
 4-bit adder                                           : 2
# Registers                                            : 30
 Flip-Flops                                            : 30
# Comparators                                          : 4
 1-bit comparator equal                                : 4
# Multiplexers                                         : 44
 1-bit 2-to-1 multiplexer                              : 44

=========================================================================

=========================================================================
*                         Low Level Synthesis                           *
=========================================================================

Optimizing unit <counter00_99> ...

Optimizing unit <BCDtoSeg_MUSER_Lab6> ...

Optimizing unit <XLXI_69/XLXI_51/XLXI_1> ...

Optimizing unit <XLXI_69/XLXI_51/XLXI_2> ...

Optimizing unit <XLXI_69/XLXI_51/XLXI_3> ...

Optimizing unit <XLXI_69/XLXI_51/XLXI_4> ...

Optimizing unit <Lab6> ...

Optimizing unit <FJKC_HXILINX_mode10> ...

Optimizing unit <CB4CE_HXILINX_counter00_99> ...

Optimizing unit <CB2CE_HXILINX_Lab6> ...

Optimizing unit <D2_4E_HXILINX_decooder2_1> ...

Optimizing unit <COMP4_HXILINX_comparetor4bits> ...

Mapping all equations...
Building and optimizing final netlist ...
Found area constraint ratio of 100 (+ 5) on block Lab6, actual ratio is 0.

Final Macro Processing ...

=========================================================================
Final Register Report

Macro Statistics
# Registers                                            : 30
 Flip-Flops                                            : 30

=========================================================================

=========================================================================
*                           Partition Report                            *
=========================================================================

Partition Implementation Status
-------------------------------

  No Partitions were found in this design.

-------------------------------

=========================================================================
*                            Design Summary                             *
=========================================================================

Top Level Output File Name         : Lab6.ngc

Primitive and Black Box Usage:
------------------------------
# BELS                             : 108
#      AND2                        : 24
#      AND2B1                      : 1
#      AND3                        : 6
#      AND4                        : 2
#      GND                         : 1
#      INV                         : 33
#      LUT2                        : 8
#      LUT3                        : 21
#      LUT4                        : 3
#      LUT5                        : 1
#      OR2                         : 1
#      OR3                         : 3
#      OR4                         : 2
#      OR5                         : 1
#      VCC                         : 1
# FlipFlops/Latches                : 30
#      FDC                         : 15
#      FDCE                        : 15
# Clock Buffers                    : 1
#      BUFGP                       : 1
# IO Buffers                       : 13
#      IBUF                        : 1
#      OBUF                        : 12

Device utilization summary:
---------------------------

Selected Device : 6slx9tqg144-3 


Slice Logic Utilization: 
 Number of Slice Registers:              30  out of  11440     0%  
 Number of Slice LUTs:                   66  out of   5720     1%  
    Number used as Logic:                66  out of   5720     1%  

Slice Logic Distribution: 
 Number of LUT Flip Flop pairs used:     96
   Number with an unused Flip Flop:      66  out of     96    68%  
   Number with an unused LUT:            30  out of     96    31%  
   Number of fully used LUT-FF pairs:     0  out of     96     0%  
   Number of unique control sets:        23

IO Utilization: 
 Number of IOs:                          14
 Number of bonded IOBs:                  14  out of    102    13%  

Specific Feature Utilization:
 Number of BUFG/BUFGCTRLs:                1  out of     16     6%  

---------------------------
Partition Resource Summary:
---------------------------

  No Partitions were found in this design.

---------------------------


=========================================================================
Timing Report

NOTE: THESE TIMING NUMBERS ARE ONLY A SYNTHESIS ESTIMATE.
      FOR ACCURATE TIMING INFORMATION PLEASE REFER TO THE TRACE REPORT
      GENERATED AFTER PLACE-and-ROUTE.

Clock Information:
------------------
----------------------------------------+---------------------------------+-------+
Clock Signal                            | Clock buffer(FF name)           | Load  |
----------------------------------------+---------------------------------+-------+
CLK_P123                                | BUFGP                           | 4     |
XLXI_70/XLXN_1(XLXI_70/XLXI_1/XLXI_10:O)| NONE(*)(XLXI_70/XLXI_2/XLXI_5/Q)| 4     |
XLXI_70/XLXN_2(XLXI_70/XLXI_2/XLXI_10:O)| NONE(*)(XLXI_70/XLXI_3/XLXI_5/Q)| 4     |
XLXI_70/XLXN_3(XLXI_70/XLXI_3/XLXI_10:O)| NONE(*)(XLXI_70/XLXI_4/XLXI_5/Q)| 4     |
XLXI_70/XLXN_4(XLXI_70/XLXI_4/XLXI_10:O)| NONE(*)(XLXI_70/XLXI_5/XLXI_5/Q)| 4     |
XLXI_44/XLXN_87(XLXI_44/XLXI_1:O)       | NONE(*)(XLXI_44/XLXI_29/Q3)     | 4     |
XLXN_18(XLXI_70/XLXI_5/XLXI_10:O)       | NONE(*)(XLXI_44/XLXI_4/Q3)      | 6     |
----------------------------------------+---------------------------------+-------+
(*) These 6 clock signal(s) are generated by combinatorial logic,
and XST is not able to identify which are the primary clock signals.
Please use the CLOCK_SIGNAL constraint to specify the clock signal(s) generated by combinatorial logic.
INFO:Xst:2169 - HDL ADVISOR - Some clock signals were not automatically buffered by XST with BUFG/BUFR resources. Please use the buffer_type constraint in order to insert these buffers to the clock signals to help prevent skew problems.

Asynchronous Control Signals Information:
----------------------------------------
No asynchronous control signals found in this design

Timing Summary:
---------------
Speed Grade: -3

   Minimum period: 4.166ns (Maximum Frequency: 240.036MHz)
   Minimum input arrival time before clock: 2.373ns
   Maximum output required time after clock: 8.629ns
   Maximum combinational path delay: 6.915ns

Timing Details:
---------------
All values displayed in nanoseconds (ns)

=========================================================================
Timing constraint: Default period analysis for Clock 'CLK_P123'
  Clock period: 2.940ns (frequency: 340.148MHz)
  Total number of paths / destination ports: 26 / 9
-------------------------------------------------------------------------
Delay:               2.940ns (Levels of Logic = 3)
  Source:            XLXI_70/XLXI_1/XLXI_2/Q (FF)
  Destination:       XLXI_70/XLXI_1/XLXI_5/Q (FF)
  Source Clock:      CLK_P123 rising
  Destination Clock: CLK_P123 rising

  Data Path: XLXI_70/XLXI_1/XLXI_2/Q to XLXI_70/XLXI_1/XLXI_5/Q
                                Gate     Net
    Cell:in->out      fanout   Delay   Delay  Logical Name (Net Name)
    ----------------------------------------  ------------
     FDC:C->Q              7   0.447   1.118  Q (Q)
     end scope: 'XLXI_70/XLXI_1/XLXI_2:Q'
     AND2:I1->O            2   0.223   0.845  XLXI_70/XLXI_1/XLXI_6 (XLXI_70/XLXI_1/XLXN_10)
     begin scope: 'XLXI_70/XLXI_1/XLXI_4:K'
     LUT3:I0->O            1   0.205   0.000  Q_rstpot (Q_rstpot)
     FDC:D                     0.102          Q
    ----------------------------------------
    Total                      2.940ns (0.977ns logic, 1.963ns route)
                                       (33.2% logic, 66.8% route)

=========================================================================
Timing constraint: Default period analysis for Clock 'XLXI_70/XLXN_1'
  Clock period: 2.940ns (frequency: 340.148MHz)
  Total number of paths / destination ports: 26 / 9
-------------------------------------------------------------------------
Delay:               2.940ns (Levels of Logic = 3)
  Source:            XLXI_70/XLXI_2/XLXI_2/Q (FF)
  Destination:       XLXI_70/XLXI_2/XLXI_5/Q (FF)
  Source Clock:      XLXI_70/XLXN_1 rising
  Destination Clock: XLXI_70/XLXN_1 rising

  Data Path: XLXI_70/XLXI_2/XLXI_2/Q to XLXI_70/XLXI_2/XLXI_5/Q
                                Gate     Net
    Cell:in->out      fanout   Delay   Delay  Logical Name (Net Name)
    ----------------------------------------  ------------
     FDC:C->Q              7   0.447   1.118  Q (Q)
     end scope: 'XLXI_70/XLXI_2/XLXI_2:Q'
     AND2:I1->O            2   0.223   0.845  XLXI_70/XLXI_2/XLXI_6 (XLXI_70/XLXI_2/XLXN_10)
     begin scope: 'XLXI_70/XLXI_2/XLXI_4:K'
     LUT3:I0->O            1   0.205   0.000  Q_rstpot (Q_rstpot)
     FDC:D                     0.102          Q
    ----------------------------------------
    Total                      2.940ns (0.977ns logic, 1.963ns route)
                                       (33.2% logic, 66.8% route)

=========================================================================
Timing constraint: Default period analysis for Clock 'XLXI_70/XLXN_2'
  Clock period: 2.940ns (frequency: 340.148MHz)
  Total number of paths / destination ports: 26 / 9
-------------------------------------------------------------------------
Delay:               2.940ns (Levels of Logic = 3)
  Source:            XLXI_70/XLXI_3/XLXI_2/Q (FF)
  Destination:       XLXI_70/XLXI_3/XLXI_5/Q (FF)
  Source Clock:      XLXI_70/XLXN_2 rising
  Destination Clock: XLXI_70/XLXN_2 rising

  Data Path: XLXI_70/XLXI_3/XLXI_2/Q to XLXI_70/XLXI_3/XLXI_5/Q
                                Gate     Net
    Cell:in->out      fanout   Delay   Delay  Logical Name (Net Name)
    ----------------------------------------  ------------
     FDC:C->Q              7   0.447   1.118  Q (Q)
     end scope: 'XLXI_70/XLXI_3/XLXI_2:Q'
     AND2:I1->O            2   0.223   0.845  XLXI_70/XLXI_3/XLXI_6 (XLXI_70/XLXI_3/XLXN_10)
     begin scope: 'XLXI_70/XLXI_3/XLXI_4:K'
     LUT3:I0->O            1   0.205   0.000  Q_rstpot (Q_rstpot)
     FDC:D                     0.102          Q
    ----------------------------------------
    Total                      2.940ns (0.977ns logic, 1.963ns route)
                                       (33.2% logic, 66.8% route)

=========================================================================
Timing constraint: Default period analysis for Clock 'XLXI_70/XLXN_3'
  Clock period: 2.940ns (frequency: 340.148MHz)
  Total number of paths / destination ports: 26 / 9
-------------------------------------------------------------------------
Delay:               2.940ns (Levels of Logic = 3)
  Source:            XLXI_70/XLXI_4/XLXI_2/Q (FF)
  Destination:       XLXI_70/XLXI_4/XLXI_5/Q (FF)
  Source Clock:      XLXI_70/XLXN_3 rising
  Destination Clock: XLXI_70/XLXN_3 rising

  Data Path: XLXI_70/XLXI_4/XLXI_2/Q to XLXI_70/XLXI_4/XLXI_5/Q
                                Gate     Net
    Cell:in->out      fanout   Delay   Delay  Logical Name (Net Name)
    ----------------------------------------  ------------
     FDC:C->Q              7   0.447   1.118  Q (Q)
     end scope: 'XLXI_70/XLXI_4/XLXI_2:Q'
     AND2:I1->O            2   0.223   0.845  XLXI_70/XLXI_4/XLXI_6 (XLXI_70/XLXI_4/XLXN_10)
     begin scope: 'XLXI_70/XLXI_4/XLXI_4:K'
     LUT3:I0->O            1   0.205   0.000  Q_rstpot (Q_rstpot)
     FDC:D                     0.102          Q
    ----------------------------------------
    Total                      2.940ns (0.977ns logic, 1.963ns route)
                                       (33.2% logic, 66.8% route)

=========================================================================
Timing constraint: Default period analysis for Clock 'XLXI_70/XLXN_4'
  Clock period: 2.984ns (frequency: 335.177MHz)
  Total number of paths / destination ports: 26 / 9
-------------------------------------------------------------------------
Delay:               2.984ns (Levels of Logic = 2)
  Source:            XLXI_70/XLXI_5/XLXI_3/Q (FF)
  Destination:       XLXI_70/XLXI_5/XLXI_5/Q (FF)
  Source Clock:      XLXI_70/XLXN_4 rising
  Destination Clock: XLXI_70/XLXN_4 rising

  Data Path: XLXI_70/XLXI_5/XLXI_3/Q to XLXI_70/XLXI_5/XLXI_5/Q
                                Gate     Net
    Cell:in->out      fanout   Delay   Delay  Logical Name (Net Name)
    ----------------------------------------  ------------
     FDCE:C->Q             4   0.447   1.048  Q (Q)
     end scope: 'XLXI_70/XLXI_5/XLXI_3:Q'
     AND2:I0->O           10   0.203   0.856  XLXI_70/XLXI_5/XLXI_10 (XLXN_18)
     begin scope: 'XLXI_70/XLXI_5/XLXI_5:CLR'
     FDC:CLR                   0.430          Q
    ----------------------------------------
    Total                      2.984ns (1.080ns logic, 1.903ns route)
                                       (36.2% logic, 63.8% route)

=========================================================================
Timing constraint: Default period analysis for Clock 'XLXI_44/XLXN_87'
  Clock period: 4.047ns (frequency: 247.094MHz)
  Total number of paths / destination ports: 26 / 8
-------------------------------------------------------------------------
Delay:               4.047ns (Levels of Logic = 3)
  Source:            XLXI_44/XLXI_29/Q0 (FF)
  Destination:       XLXI_44/XLXI_29/Q3 (FF)
  Source Clock:      XLXI_44/XLXN_87 rising
  Destination Clock: XLXI_44/XLXN_87 rising

  Data Path: XLXI_44/XLXI_29/Q0 to XLXI_44/XLXI_29/Q3
                                Gate     Net
    Cell:in->out      fanout   Delay   Delay  Logical Name (Net Name)
    ----------------------------------------  ------------
     FDCE:C->Q             7   0.447   0.773  Q0 (Q0)
     end scope: 'XLXI_44/XLXI_29:Q0'
     INV:I->O              1   0.568   0.808  XLXI_44/XLXI_43 (XLXI_44/XLXN_89)
     AND4:I3->O            4   0.339   0.683  XLXI_44/XLXI_41 (XLXI_44/XLXN_96)
     begin scope: 'XLXI_44/XLXI_29:CLR'
     FDCE:CLR                  0.430          Q3
    ----------------------------------------
    Total                      4.047ns (1.784ns logic, 2.263ns route)
                                       (44.1% logic, 55.9% route)

=========================================================================
Timing constraint: Default period analysis for Clock 'XLXN_18'
  Clock period: 4.166ns (frequency: 240.036MHz)
  Total number of paths / destination ports: 33 / 12
-------------------------------------------------------------------------
Delay:               4.166ns (Levels of Logic = 3)
  Source:            XLXI_44/XLXI_4/Q0 (FF)
  Destination:       XLXI_44/XLXI_4/Q3 (FF)
  Source Clock:      XLXN_18 rising
  Destination Clock: XLXN_18 rising

  Data Path: XLXI_44/XLXI_4/Q0 to XLXI_44/XLXI_4/Q3
                                Gate     Net
    Cell:in->out      fanout   Delay   Delay  Logical Name (Net Name)
    ----------------------------------------  ------------
     FDCE:C->Q             7   0.447   0.773  Q0 (Q0)
     end scope: 'XLXI_44/XLXI_4:Q0'
     INV:I->O              1   0.568   0.808  XLXI_44/XLXI_3 (XLXI_44/XLXN_2)
     AND4:I3->O            8   0.339   0.802  XLXI_44/XLXI_1 (XLXI_44/XLXN_87)
     begin scope: 'XLXI_44/XLXI_4:CLR'
     FDCE:CLR                  0.430          Q3
    ----------------------------------------
    Total                      4.166ns (1.784ns logic, 2.382ns route)
                                       (42.8% logic, 57.2% route)

=========================================================================
Timing constraint: Default OFFSET IN BEFORE for Clock 'XLXI_44/XLXN_87'
  Total number of paths / destination ports: 4 / 4
-------------------------------------------------------------------------
Offset:              2.373ns (Levels of Logic = 2)
  Source:            PB3 (PAD)
  Destination:       XLXI_44/XLXI_29/Q3 (FF)
  Destination Clock: XLXI_44/XLXN_87 rising

  Data Path: PB3 to XLXI_44/XLXI_29/Q3
                                Gate     Net
    Cell:in->out      fanout   Delay   Delay  Logical Name (Net Name)
    ----------------------------------------  ------------
     IBUF:I->O             9   1.222   0.829  PB3_IBUF (PB3_IBUF)
     begin scope: 'XLXI_44/XLXI_29:CE'
     FDCE:CE                   0.322          Q3
    ----------------------------------------
    Total                      2.373ns (1.544ns logic, 0.829ns route)
                                       (65.1% logic, 34.9% route)

=========================================================================
Timing constraint: Default OFFSET IN BEFORE for Clock 'XLXN_18'
  Total number of paths / destination ports: 4 / 4
-------------------------------------------------------------------------
Offset:              2.373ns (Levels of Logic = 2)
  Source:            PB3 (PAD)
  Destination:       XLXI_44/XLXI_4/Q3 (FF)
  Destination Clock: XLXN_18 rising

  Data Path: PB3 to XLXI_44/XLXI_4/Q3
                                Gate     Net
    Cell:in->out      fanout   Delay   Delay  Logical Name (Net Name)
    ----------------------------------------  ------------
     IBUF:I->O             9   1.222   0.829  PB3_IBUF (PB3_IBUF)
     begin scope: 'XLXI_44/XLXI_4:CE'
     FDCE:CE                   0.322          Q3
    ----------------------------------------
    Total                      2.373ns (1.544ns logic, 0.829ns route)
                                       (65.1% logic, 34.9% route)

=========================================================================
Timing constraint: Default OFFSET OUT AFTER for Clock 'XLXN_18'
  Total number of paths / destination ports: 84 / 10
-------------------------------------------------------------------------
Offset:              8.629ns (Levels of Logic = 7)
  Source:            XLXI_69/XLXI_3/Q0 (FF)
  Destination:       P27 (PAD)
  Source Clock:      XLXN_18 rising

  Data Path: XLXI_69/XLXI_3/Q0 to P27
                                Gate     Net
    Cell:in->out      fanout   Delay   Delay  Logical Name (Net Name)
    ----------------------------------------  ------------
     FDCE:C->Q             9   0.447   1.058  Q0 (Q0)
     end scope: 'XLXI_69/XLXI_3:Q0'
     begin scope: 'XLXI_69/XLXI_51/XLXI_4:S0'
     LUT3:I0->O           12   0.205   0.908  Mmux_O11 (O)
     end scope: 'XLXI_69/XLXI_51/XLXI_4:O'
     INV:I->O              1   0.568   0.944  XLXI_69/XLXI_66/XLXI_17 (XLXI_69/XLXI_66/XLXN_5)
     AND2:I0->O            1   0.203   0.808  XLXI_69/XLXI_66/XLXI_1 (XLXI_69/XLXI_66/XLXN_22)
     OR4:I3->O             1   0.339   0.579  XLXI_69/XLXI_66/XLXI_34 (P41_OBUF)
     OBUF:I->O                 2.571          P41_OBUF (P41)
    ----------------------------------------
    Total                      8.629ns (4.333ns logic, 4.296ns route)
                                       (50.2% logic, 49.8% route)

=========================================================================
Timing constraint: Default OFFSET OUT AFTER for Clock 'XLXI_44/XLXN_87'
  Total number of paths / destination ports: 43 / 8
-------------------------------------------------------------------------
Offset:              8.345ns (Levels of Logic = 7)
  Source:            XLXI_44/XLXI_29/Q0 (FF)
  Destination:       P27 (PAD)
  Source Clock:      XLXI_44/XLXN_87 rising

  Data Path: XLXI_44/XLXI_29/Q0 to P27
                                Gate     Net
    Cell:in->out      fanout   Delay   Delay  Logical Name (Net Name)
    ----------------------------------------  ------------
     FDCE:C->Q             7   0.447   0.774  Q0 (Q0)
     end scope: 'XLXI_44/XLXI_29:Q0'
     begin scope: 'XLXI_69/XLXI_51/XLXI_4:D1'
     LUT3:I2->O           12   0.205   0.908  Mmux_O11 (O)
     end scope: 'XLXI_69/XLXI_51/XLXI_4:O'
     INV:I->O              1   0.568   0.944  XLXI_69/XLXI_66/XLXI_17 (XLXI_69/XLXI_66/XLXN_5)
     AND2:I0->O            1   0.203   0.808  XLXI_69/XLXI_66/XLXI_1 (XLXI_69/XLXI_66/XLXN_22)
     OR4:I3->O             1   0.339   0.579  XLXI_69/XLXI_66/XLXI_34 (P41_OBUF)
     OBUF:I->O                 2.571          P41_OBUF (P41)
    ----------------------------------------
    Total                      8.345ns (4.333ns logic, 4.012ns route)
                                       (51.9% logic, 48.1% route)

=========================================================================
Timing constraint: Default path analysis
  Total number of paths / destination ports: 1 / 1
-------------------------------------------------------------------------
Delay:               6.915ns (Levels of Logic = 4)
  Source:            PB3 (PAD)
  Destination:       Buzzer (PAD)

  Data Path: PB3 to Buzzer
                                Gate     Net
    Cell:in->out      fanout   Delay   Delay  Logical Name (Net Name)
    ----------------------------------------  ------------
     IBUF:I->O             9   1.222   0.829  PB3_IBUF (PB3_IBUF)
     INV:I->O              1   0.568   0.924  XLXI_66 (XLXN_33)
     AND2:I1->O            1   0.223   0.579  XLXI_65 (Buzzer_OBUF)
     OBUF:I->O                 2.571          Buzzer_OBUF (Buzzer)
    ----------------------------------------
    Total                      6.915ns (4.584ns logic, 2.331ns route)
                                       (66.3% logic, 33.7% route)

=========================================================================

Cross Clock Domains Report:
--------------------------

Clock to Setup on destination clock CLK_P123
---------------+---------+---------+---------+---------+
               | Src:Rise| Src:Fall| Src:Rise| Src:Fall|
Source Clock   |Dest:Rise|Dest:Rise|Dest:Fall|Dest:Fall|
---------------+---------+---------+---------+---------+
CLK_P123       |    2.940|         |         |         |
---------------+---------+---------+---------+---------+

Clock to Setup on destination clock XLXI_44/XLXN_87
---------------+---------+---------+---------+---------+
               | Src:Rise| Src:Fall| Src:Rise| Src:Fall|
Source Clock   |Dest:Rise|Dest:Rise|Dest:Fall|Dest:Fall|
---------------+---------+---------+---------+---------+
XLXI_44/XLXN_87|    4.047|         |         |         |
---------------+---------+---------+---------+---------+

Clock to Setup on destination clock XLXI_70/XLXN_1
---------------+---------+---------+---------+---------+
               | Src:Rise| Src:Fall| Src:Rise| Src:Fall|
Source Clock   |Dest:Rise|Dest:Rise|Dest:Fall|Dest:Fall|
---------------+---------+---------+---------+---------+
XLXI_70/XLXN_1 |    2.940|         |         |         |
---------------+---------+---------+---------+---------+

Clock to Setup on destination clock XLXI_70/XLXN_2
---------------+---------+---------+---------+---------+
               | Src:Rise| Src:Fall| Src:Rise| Src:Fall|
Source Clock   |Dest:Rise|Dest:Rise|Dest:Fall|Dest:Fall|
---------------+---------+---------+---------+---------+
XLXI_70/XLXN_2 |    2.940|         |         |         |
---------------+---------+---------+---------+---------+

Clock to Setup on destination clock XLXI_70/XLXN_3
---------------+---------+---------+---------+---------+
               | Src:Rise| Src:Fall| Src:Rise| Src:Fall|
Source Clock   |Dest:Rise|Dest:Rise|Dest:Fall|Dest:Fall|
---------------+---------+---------+---------+---------+
XLXI_70/XLXN_3 |    2.940|         |         |         |
---------------+---------+---------+---------+---------+

Clock to Setup on destination clock XLXI_70/XLXN_4
---------------+---------+---------+---------+---------+
               | Src:Rise| Src:Fall| Src:Rise| Src:Fall|
Source Clock   |Dest:Rise|Dest:Rise|Dest:Fall|Dest:Fall|
---------------+---------+---------+---------+---------+
XLXI_70/XLXN_4 |    2.984|         |         |         |
---------------+---------+---------+---------+---------+

Clock to Setup on destination clock XLXN_18
---------------+---------+---------+---------+---------+
               | Src:Rise| Src:Fall| Src:Rise| Src:Fall|
Source Clock   |Dest:Rise|Dest:Rise|Dest:Fall|Dest:Fall|
---------------+---------+---------+---------+---------+
XLXN_18        |    4.166|         |         |         |
---------------+---------+---------+---------+---------+

=========================================================================


Total REAL time to Xst completion: 31.00 secs
Total CPU time to Xst completion: 30.47 secs
 
--> 

Total memory usage is 4517156 kilobytes

Number of errors   :    0 (   0 filtered)
Number of warnings :    2 (   0 filtered)
Number of infos    :    9 (   0 filtered)

