#-----------------------------------------------------------
# PlanAhead v14.7
# Build 321239 by xbuild on Fri Sep 27 19:31:35 MDT 2013
# Start of session at: Sun Nov 06 16:17:11 2022
# Process ID: 5252
# Log file: D:/DigitalSystem/Lab/Lab9/planAhead_run_2/planAhead.log
# Journal file: D:/DigitalSystem/Lab/Lab9/planAhead_run_2/planAhead.jou
#-----------------------------------------------------------
INFO: [Common 17-78] Attempting to get a license: PlanAhead
INFO: [Common 17-290] Got license for PlanAhead
INFO: [Device 21-36] Loading parts and site information from C:/Xilinx/14.7/ISE_DS/PlanAhead/data/parts/arch.xml
Parsing RTL primitives file [C:/Xilinx/14.7/ISE_DS/PlanAhead/data/parts/xilinx/rtl/prims/rtl_prims.xml]
Finished parsing RTL primitives file [C:/Xilinx/14.7/ISE_DS/PlanAhead/data/parts/xilinx/rtl/prims/rtl_prims.xml]
start_gui
source D:/DigitalSystem/Lab/Lab9/pa.fromHdl.tcl
# create_project -name Lab9 -dir "D:/DigitalSystem/Lab/Lab9/planAhead_run_2" -part xc6slx9tqg144-3
ERROR: [Common 17-53] User Exception: Project already exists on disk, please use '-force' option to overwrite: 
     D:/DigitalSystem/Lab/Lab9/planAhead_run_2/Lab9.ppr
     D:/DigitalSystem/Lab/Lab9/planAhead_run_2/Lab9.data

    while executing
"create_project -name Lab9 -dir "D:/DigitalSystem/Lab/Lab9/planAhead_run_2" -part xc6slx9tqg144-3"
    (file "D:/DigitalSystem/Lab/Lab9/pa.fromHdl.tcl" line 4)
exit
INFO: [Common 17-206] Exiting PlanAhead at Sun Nov 06 16:20:55 2022...
INFO: [Common 17-83] Releasing license: PlanAhead
