--------------------------------------------------------------------------------
Release 14.7 Trace  (nt64)
Copyright (c) 1995-2013 Xilinx, Inc.  All rights reserved.

C:\Xilinx\14.7\ISE_DS\ISE\bin\nt64\unwrapped\trce.exe -intstyle ise -v 3 -s 3
-n 3 -fastpaths -xml Lab5.twx Lab5.ncd -o Lab5.twr Lab5.pcf -ucf Lab5.ucf

Design file:              Lab5.ncd
Physical constraint file: Lab5.pcf
Device,package,speed:     xc6slx9,tqg144,C,-3 (PRODUCTION 1.23 2013-10-13)
Report level:             verbose report

Environment Variable      Effect 
--------------------      ------ 
NONE                      No environment variables were set
--------------------------------------------------------------------------------

INFO:Timing:2698 - No timing constraints found, doing default enumeration.
INFO:Timing:3412 - To improve timing, see the Timing Closure User Guide (UG612).
INFO:Timing:2752 - To get complete path coverage, use the unconstrained paths 
   option. All paths that are not constrained will be reported in the 
   unconstrained paths section(s) of the report.
INFO:Timing:3339 - The clock-to-out numbers in this timing report are based on 
   a 50 Ohm transmission line loading model.  For the details of this model, 
   and for more information on accounting for different loading conditions, 
   please see the device datasheet.



Data Sheet report:
-----------------
All values displayed in nanoseconds (ns)

Clock CLK_P50 to Pad
------------+-----------------+------------+-----------------+------------+------------------+--------+
            |Max (slowest) clk|  Process   |Min (fastest) clk|  Process   |                  | Clock  |
Destination |  (edge) to PAD  |   Corner   |  (edge) to PAD  |   Corner   |Internal Clock(s) | Phase  |
------------+-----------------+------------+-----------------+------------+------------------+--------+
P27         |         7.748(R)|      SLOW  |         3.848(R)|      FAST  |CLK_P50_BUFGP     |   0.000|
P29         |         7.471(R)|      SLOW  |         3.715(R)|      FAST  |CLK_P50_BUFGP     |   0.000|
P32         |         7.926(R)|      SLOW  |         3.999(R)|      FAST  |CLK_P50_BUFGP     |   0.000|
P34         |         8.132(R)|      SLOW  |         4.067(R)|      FAST  |CLK_P50_BUFGP     |   0.000|
P35         |         8.236(R)|      SLOW  |         4.144(R)|      FAST  |CLK_P50_BUFGP     |   0.000|
P40         |         8.056(R)|      SLOW  |         4.045(R)|      FAST  |CLK_P50_BUFGP     |   0.000|
P41         |         8.242(R)|      SLOW  |         4.187(R)|      FAST  |CLK_P50_BUFGP     |   0.000|
------------+-----------------+------------+-----------------+------------+------------------+--------+

Clock to Setup on destination clock CLK_P50
---------------+---------+---------+---------+---------+
               | Src:Rise| Src:Fall| Src:Rise| Src:Fall|
Source Clock   |Dest:Rise|Dest:Rise|Dest:Fall|Dest:Fall|
---------------+---------+---------+---------+---------+
CLK_P50        |    1.346|         |         |         |
---------------+---------+---------+---------+---------+


Analysis completed Fri Sep 16 13:52:41 2022 
--------------------------------------------------------------------------------

Trace Settings:
-------------------------
Trace Settings 

Peak Memory Usage: 4570 MB



